# UI Identity Change Log
# Auto-generated. Do not edit manually.

# Audit Run: 2026-06-20T01:09:00.546Z
# 229 change(s) detected

[2026-06-20T01:09:00.503Z] [COMPONENT_MOVED] Component moved for UI_HOME_PROMO_BANNER_ACTION (0540ae86-babc-564b-a885-2620eb5d04ed): HOME@/src/platform/ui/registry/features/home.ts:46 -> MERCHANT@/src/platform/ui/registry/features/merchant.ts:252
  BEFORE: {"sourceFile":"/src/platform/ui/registry/features/home.ts","sourceComponent":"HOME","sourceLine":46}
  AFTER:  {"sourceFile":"/src/platform/ui/registry/features/merchant.ts","sourceComponent":"MERCHANT","sourceLine":252}
[2026-06-20T01:09:00.503Z] [COMPONENT_MOVED] Component moved for UI_HOME_CURATED_OFFERS_MORE (d1105943-783f-57d2-99bf-ff1984020cf8): HOME@/src/platform/ui/registry/features/home.ts:168 -> MERCHANT@/src/platform/ui/registry/features/merchant.ts:790
  BEFORE: {"sourceFile":"/src/platform/ui/registry/features/home.ts","sourceComponent":"HOME","sourceLine":168}
  AFTER:  {"sourceFile":"/src/platform/ui/registry/features/merchant.ts","sourceComponent":"MERCHANT","sourceLine":790}
[2026-06-20T01:09:00.503Z] [COMPONENT_MOVED] Component moved for UI_HOME_CURATED_OFFERS_CATEGORY_LABEL (b87fa2cf-77b1-5e9a-a2dd-92f52e8678b8): HOME@/src/platform/ui/registry/features/home.ts:218 -> ONBOARDING@/src/platform/ui/registry/features/onboarding.ts:183
  BEFORE: {"sourceFile":"/src/platform/ui/registry/features/home.ts","sourceComponent":"HOME","sourceLine":218}
  AFTER:  {"sourceFile":"/src/platform/ui/registry/features/onboarding.ts","sourceComponent":"ONBOARDING","sourceLine":183}
[2026-06-20T01:09:00.503Z] [COMPONENT_MOVED] Component moved for UI_SHARED_SIDEBAR_SIGNUP (04a422a6-b024-552d-826a-bc2c3e3189bb): unknown@unknown:0 -> SHARED_LAYOUT@/src/platform/ui/registry/features/shared-layout.ts:269
  BEFORE: {"sourceFile":"unknown","sourceComponent":"unknown","sourceLine":0}
  AFTER:  {"sourceFile":"/src/platform/ui/registry/features/shared-layout.ts","sourceComponent":"SHARED_LAYOUT","sourceLine":269}
[2026-06-20T01:09:00.503Z] [COMPONENT_MOVED] Component moved for UI_AUTH_SHARED_HERO (3b53d840-850a-583d-828f-1b2a11fb1eaf): HOME@/src/platform/ui/registry/features/home.ts:269 -> MERCHANT@/src/platform/ui/registry/features/merchant.ts:3
  BEFORE: {"sourceFile":"/src/platform/ui/registry/features/home.ts","sourceComponent":"HOME","sourceLine":269}
  AFTER:  {"sourceFile":"/src/platform/ui/registry/features/merchant.ts","sourceComponent":"MERCHANT","sourceLine":3}
[2026-06-20T01:09:00.503Z] [COMPONENT_MOVED] Component moved for UI_MERCHANT_PROFILE_HERO_CONTAINER (422c491a-06cd-55fd-b7f8-632046559e73): unknown@unknown:0 -> MERCHANT@/src/platform/ui/registry/features/merchant.ts:7
  BEFORE: {"sourceFile":"unknown","sourceComponent":"unknown","sourceLine":0}
  AFTER:  {"sourceFile":"/src/platform/ui/registry/features/merchant.ts","sourceComponent":"MERCHANT","sourceLine":7}
[2026-06-20T01:09:00.503Z] [COMPONENT_MOVED] Component moved for UI_MERCHANT_PROFILE_HERO_BANNER (1ff85999-dff4-576c-8c93-f967346eeb22): unknown@unknown:0 -> MERCHANT@/src/platform/ui/registry/features/merchant.ts:18
  BEFORE: {"sourceFile":"unknown","sourceComponent":"unknown","sourceLine":0}
  AFTER:  {"sourceFile":"/src/platform/ui/registry/features/merchant.ts","sourceComponent":"MERCHANT","sourceLine":18}
[2026-06-20T01:09:00.503Z] [COMPONENT_MOVED] Component moved for UI_MERCHANT_PROFILE_HERO_AVATAR (a84223c6-bb25-54bf-a9d8-b5dcda6beec5): unknown@unknown:0 -> MERCHANT@/src/platform/ui/registry/features/merchant.ts:29
  BEFORE: {"sourceFile":"unknown","sourceComponent":"unknown","sourceLine":0}
  AFTER:  {"sourceFile":"/src/platform/ui/registry/features/merchant.ts","sourceComponent":"MERCHANT","sourceLine":29}
[2026-06-20T01:09:00.503Z] [COMPONENT_MOVED] Component moved for UI_MERCHANT_PROFILE_HERO_NAME (f1ee4e9c-95cb-540d-9a1d-c57efcff57b7): unknown@unknown:0 -> MERCHANT@/src/platform/ui/registry/features/merchant.ts:40
  BEFORE: {"sourceFile":"unknown","sourceComponent":"unknown","sourceLine":0}
  AFTER:  {"sourceFile":"/src/platform/ui/registry/features/merchant.ts","sourceComponent":"MERCHANT","sourceLine":40}
[2026-06-20T01:09:00.503Z] [COMPONENT_MOVED] Component moved for UI_MERCHANT_PROFILE_HERO_VERIFIED (fab7dea3-272d-593e-a2bc-825d9fccd318): unknown@unknown:0 -> MERCHANT@/src/platform/ui/registry/features/merchant.ts:51
  BEFORE: {"sourceFile":"unknown","sourceComponent":"unknown","sourceLine":0}
  AFTER:  {"sourceFile":"/src/platform/ui/registry/features/merchant.ts","sourceComponent":"MERCHANT","sourceLine":51}
[2026-06-20T01:09:00.503Z] [COMPONENT_MOVED] Component moved for UI_MERCHANT_PROFILE_HERO_FOLLOWERS (82115972-da26-52f1-be55-e9240307ea53): unknown@unknown:0 -> MERCHANT@/src/platform/ui/registry/features/merchant.ts:62
  BEFORE: {"sourceFile":"unknown","sourceComponent":"unknown","sourceLine":0}
  AFTER:  {"sourceFile":"/src/platform/ui/registry/features/merchant.ts","sourceComponent":"MERCHANT","sourceLine":62}
[2026-06-20T01:09:00.503Z] [COMPONENT_MOVED] Component moved for UI_MERCHANT_PROFILE_HERO_FOLLOWING (7065e4de-7249-5d1d-bfca-2e804b3fd147): unknown@unknown:0 -> MERCHANT@/src/platform/ui/registry/features/merchant.ts:73
  BEFORE: {"sourceFile":"unknown","sourceComponent":"unknown","sourceLine":0}
  AFTER:  {"sourceFile":"/src/platform/ui/registry/features/merchant.ts","sourceComponent":"MERCHANT","sourceLine":73}
[2026-06-20T01:09:00.503Z] [COMPONENT_MOVED] Component moved for UI_MERCHANT_PROFILE_HERO_FOLLOW (b1d25722-365e-535b-a2bf-95a8479b6eb9): unknown@unknown:0 -> MERCHANT@/src/platform/ui/registry/features/merchant.ts:84
  BEFORE: {"sourceFile":"unknown","sourceComponent":"unknown","sourceLine":0}
  AFTER:  {"sourceFile":"/src/platform/ui/registry/features/merchant.ts","sourceComponent":"MERCHANT","sourceLine":84}
[2026-06-20T01:09:00.503Z] [COMPONENT_MOVED] Component moved for UI_MERCHANT_PROFILE_HERO_MESSAGE (befd67fe-7d9a-56ad-8c05-37bc99e4297b): unknown@unknown:0 -> MERCHANT@/src/platform/ui/registry/features/merchant.ts:95
  BEFORE: {"sourceFile":"unknown","sourceComponent":"unknown","sourceLine":0}
  AFTER:  {"sourceFile":"/src/platform/ui/registry/features/merchant.ts","sourceComponent":"MERCHANT","sourceLine":95}
[2026-06-20T01:09:00.503Z] [COMPONENT_MOVED] Component moved for UI_MERCHANT_PROFILE_HERO_JOINED (fde7cdfe-9849-5e2b-9975-34084b1569ad): unknown@unknown:0 -> MERCHANT@/src/platform/ui/registry/features/merchant.ts:106
  BEFORE: {"sourceFile":"unknown","sourceComponent":"unknown","sourceLine":0}
  AFTER:  {"sourceFile":"/src/platform/ui/registry/features/merchant.ts","sourceComponent":"MERCHANT","sourceLine":106}
[2026-06-20T01:09:00.503Z] [COMPONENT_MOVED] Component moved for UI_MERCHANT_PROFILE_HERO_BANNER_ALT_SUFFIX (e81a0d1f-3047-582c-a1d6-c1c5030f153a): unknown@unknown:0 -> MERCHANT@/src/platform/ui/registry/features/merchant.ts:117
  BEFORE: {"sourceFile":"unknown","sourceComponent":"unknown","sourceLine":0}
  AFTER:  {"sourceFile":"/src/platform/ui/registry/features/merchant.ts","sourceComponent":"MERCHANT","sourceLine":117}
[2026-06-20T01:09:00.503Z] [COMPONENT_MOVED] Component moved for UI_MERCHANT_PROFILE_HERO_STATUS_LABEL (beb9c238-baca-5d25-8c73-a2d6a356b093): unknown@unknown:0 -> MERCHANT@/src/platform/ui/registry/features/merchant.ts:128
  BEFORE: {"sourceFile":"unknown","sourceComponent":"unknown","sourceLine":0}
  AFTER:  {"sourceFile":"/src/platform/ui/registry/features/merchant.ts","sourceComponent":"MERCHANT","sourceLine":128}
[2026-06-20T01:09:00.503Z] [COMPONENT_MOVED] Component moved for UI_MERCHANT_PROFILE_OVERVIEW_CONTAINER (e3da8de1-2452-5a16-89c9-59eb98fb12d8): unknown@unknown:0 -> MERCHANT@/src/platform/ui/registry/features/merchant.ts:141
  BEFORE: {"sourceFile":"unknown","sourceComponent":"unknown","sourceLine":0}
  AFTER:  {"sourceFile":"/src/platform/ui/registry/features/merchant.ts","sourceComponent":"MERCHANT","sourceLine":141}
[2026-06-20T01:09:00.503Z] [COMPONENT_MOVED] Component moved for UI_MERCHANT_PROFILE_OVERVIEW_CARD (ec6e6c78-6cf9-5f6d-b3a2-59fa9e251f9f): unknown@unknown:0 -> MERCHANT@/src/platform/ui/registry/features/merchant.ts:152
  BEFORE: {"sourceFile":"unknown","sourceComponent":"unknown","sourceLine":0}
  AFTER:  {"sourceFile":"/src/platform/ui/registry/features/merchant.ts","sourceComponent":"MERCHANT","sourceLine":152}
[2026-06-20T01:09:00.503Z] [COMPONENT_MOVED] Component moved for UI_MERCHANT_PROFILE_OVERVIEW_PRODUCTS (a1632076-fa5d-5633-8321-fd388fbaab8d): unknown@unknown:0 -> MERCHANT@/src/platform/ui/registry/features/merchant.ts:163
  BEFORE: {"sourceFile":"unknown","sourceComponent":"unknown","sourceLine":0}
  AFTER:  {"sourceFile":"/src/platform/ui/registry/features/merchant.ts","sourceComponent":"MERCHANT","sourceLine":163}
[2026-06-20T01:09:00.503Z] [COMPONENT_MOVED] Component moved for UI_MERCHANT_PROFILE_OVERVIEW_ORDERS (b896b60b-323e-5c2a-b5a1-23bdec2e9eac): unknown@unknown:0 -> MERCHANT@/src/platform/ui/registry/features/merchant.ts:174
  BEFORE: {"sourceFile":"unknown","sourceComponent":"unknown","sourceLine":0}
  AFTER:  {"sourceFile":"/src/platform/ui/registry/features/merchant.ts","sourceComponent":"MERCHANT","sourceLine":174}
[2026-06-20T01:09:00.503Z] [COMPONENT_MOVED] Component moved for UI_MERCHANT_PROFILE_OVERVIEW_CUSTOMERS (fea3e7c3-bc00-5ba4-8080-c125f92c793e): unknown@unknown:0 -> MERCHANT@/src/platform/ui/registry/features/merchant.ts:185
  BEFORE: {"sourceFile":"unknown","sourceComponent":"unknown","sourceLine":0}
  AFTER:  {"sourceFile":"/src/platform/ui/registry/features/merchant.ts","sourceComponent":"MERCHANT","sourceLine":185}
[2026-06-20T01:09:00.503Z] [COMPONENT_MOVED] Component moved for UI_MERCHANT_PROFILE_OVERVIEW_RATING (a4d28e2b-3f49-5772-a716-a081ac591810): unknown@unknown:0 -> MERCHANT@/src/platform/ui/registry/features/merchant.ts:196
  BEFORE: {"sourceFile":"unknown","sourceComponent":"unknown","sourceLine":0}
  AFTER:  {"sourceFile":"/src/platform/ui/registry/features/merchant.ts","sourceComponent":"MERCHANT","sourceLine":196}
[2026-06-20T01:09:00.503Z] [COMPONENT_MOVED] Component moved for UI_MERCHANT_PROFILE_OVERVIEW_REVENUE (6d9362ea-4ac7-5399-a440-b39cb0dfbfbb): unknown@unknown:0 -> MERCHANT@/src/platform/ui/registry/features/merchant.ts:207
  BEFORE: {"sourceFile":"unknown","sourceComponent":"unknown","sourceLine":0}
  AFTER:  {"sourceFile":"/src/platform/ui/registry/features/merchant.ts","sourceComponent":"MERCHANT","sourceLine":207}
[2026-06-20T01:09:00.503Z] [COMPONENT_MOVED] Component moved for UI_MERCHANT_PROFILE_OVERVIEW_COMPLETION_RATE (46672967-afe6-574c-881f-9d058b048dea): unknown@unknown:0 -> MERCHANT@/src/platform/ui/registry/features/merchant.ts:218
  BEFORE: {"sourceFile":"unknown","sourceComponent":"unknown","sourceLine":0}
  AFTER:  {"sourceFile":"/src/platform/ui/registry/features/merchant.ts","sourceComponent":"MERCHANT","sourceLine":218}
[2026-06-20T01:09:00.503Z] [COMPONENT_MOVED] Component moved for UI_MERCHANT_PROFILE_OVERVIEW_RESPONSE_RATE (7615813c-509e-5477-a78c-cc26958fcbd9): unknown@unknown:0 -> MERCHANT@/src/platform/ui/registry/features/merchant.ts:229
  BEFORE: {"sourceFile":"unknown","sourceComponent":"unknown","sourceLine":0}
  AFTER:  {"sourceFile":"/src/platform/ui/registry/features/merchant.ts","sourceComponent":"MERCHANT","sourceLine":229}
[2026-06-20T01:09:00.503Z] [COMPONENT_MOVED] Component moved for UI_MERCHANT_PROFILE_QUICK_ACTIONS_CONTAINER (484cb035-271f-50b4-9b41-d0fb0031006a): unknown@unknown:0 -> MERCHANT@/src/platform/ui/registry/features/merchant.ts:242
  BEFORE: {"sourceFile":"unknown","sourceComponent":"unknown","sourceLine":0}
  AFTER:  {"sourceFile":"/src/platform/ui/registry/features/merchant.ts","sourceComponent":"MERCHANT","sourceLine":242}
[2026-06-20T01:09:00.503Z] [COMPONENT_MOVED] Component moved for UI_MERCHANT_PROFILE_QUICK_ACTION_BUTTON (40c6a83d-6410-5fa4-98f8-fff7872bf526): unknown@unknown:0 -> MERCHANT@/src/platform/ui/registry/features/merchant.ts:253
  BEFORE: {"sourceFile":"unknown","sourceComponent":"unknown","sourceLine":0}
  AFTER:  {"sourceFile":"/src/platform/ui/registry/features/merchant.ts","sourceComponent":"MERCHANT","sourceLine":253}
[2026-06-20T01:09:00.503Z] [COMPONENT_MOVED] Component moved for UI_MERCHANT_PROFILE_QUICK_ACTIONS_TITLE (02c846c0-a187-5abd-8c1e-a742ad229e07): unknown@unknown:0 -> MERCHANT@/src/platform/ui/registry/features/merchant.ts:264
  BEFORE: {"sourceFile":"unknown","sourceComponent":"unknown","sourceLine":0}
  AFTER:  {"sourceFile":"/src/platform/ui/registry/features/merchant.ts","sourceComponent":"MERCHANT","sourceLine":264}
[2026-06-20T01:09:00.503Z] [COMPONENT_MOVED] Component moved for UI_MERCHANT_PROFILE_PERFORMANCE_CONTAINER (d32c35bc-19f7-5a21-b6c1-67c663510c4b): unknown@unknown:0 -> MERCHANT@/src/platform/ui/registry/features/merchant.ts:277
  BEFORE: {"sourceFile":"unknown","sourceComponent":"unknown","sourceLine":0}
  AFTER:  {"sourceFile":"/src/platform/ui/registry/features/merchant.ts","sourceComponent":"MERCHANT","sourceLine":277}
[2026-06-20T01:09:00.503Z] [COMPONENT_MOVED] Component moved for UI_MERCHANT_PROFILE_PERFORMANCE_TITLE (e1f58b05-00f3-55c4-8f19-8d0bf705e912): unknown@unknown:0 -> MERCHANT@/src/platform/ui/registry/features/merchant.ts:288
  BEFORE: {"sourceFile":"unknown","sourceComponent":"unknown","sourceLine":0}
  AFTER:  {"sourceFile":"/src/platform/ui/registry/features/merchant.ts","sourceComponent":"MERCHANT","sourceLine":288}
[2026-06-20T01:09:00.503Z] [COMPONENT_MOVED] Component moved for UI_MERCHANT_PROFILE_PERFORMANCE_REVENUE_TODAY (043e53a9-4312-5678-a8e6-b8b3483769f2): unknown@unknown:0 -> MERCHANT@/src/platform/ui/registry/features/merchant.ts:299
  BEFORE: {"sourceFile":"unknown","sourceComponent":"unknown","sourceLine":0}
  AFTER:  {"sourceFile":"/src/platform/ui/registry/features/merchant.ts","sourceComponent":"MERCHANT","sourceLine":299}
[2026-06-20T01:09:00.503Z] [COMPONENT_MOVED] Component moved for UI_MERCHANT_PROFILE_PERFORMANCE_REVENUE_TODAY_SUBTITLE (e91d92f6-a469-5959-bbd3-3a1094d9e39b): unknown@unknown:0 -> MERCHANT@/src/platform/ui/registry/features/merchant.ts:310
  BEFORE: {"sourceFile":"unknown","sourceComponent":"unknown","sourceLine":0}
  AFTER:  {"sourceFile":"/src/platform/ui/registry/features/merchant.ts","sourceComponent":"MERCHANT","sourceLine":310}
[2026-06-20T01:09:00.503Z] [COMPONENT_MOVED] Component moved for UI_MERCHANT_PROFILE_PERFORMANCE_REVENUE_MONTH (9fc5c9d6-216f-597b-8d21-fc94d21cd1d1): unknown@unknown:0 -> MERCHANT@/src/platform/ui/registry/features/merchant.ts:321
  BEFORE: {"sourceFile":"unknown","sourceComponent":"unknown","sourceLine":0}
  AFTER:  {"sourceFile":"/src/platform/ui/registry/features/merchant.ts","sourceComponent":"MERCHANT","sourceLine":321}
[2026-06-20T01:09:00.503Z] [COMPONENT_MOVED] Component moved for UI_MERCHANT_PROFILE_PERFORMANCE_REVENUE_MONTH_SUBTITLE (a155b477-17da-5158-a8ad-efdd24efcc9e): unknown@unknown:0 -> MERCHANT@/src/platform/ui/registry/features/merchant.ts:332
  BEFORE: {"sourceFile":"unknown","sourceComponent":"unknown","sourceLine":0}
  AFTER:  {"sourceFile":"/src/platform/ui/registry/features/merchant.ts","sourceComponent":"MERCHANT","sourceLine":332}
[2026-06-20T01:09:00.503Z] [COMPONENT_MOVED] Component moved for UI_MERCHANT_PROFILE_PERFORMANCE_ORDERS_TODAY (2962ad3e-847f-5c2d-b2fa-8a086329bf27): unknown@unknown:0 -> MERCHANT@/src/platform/ui/registry/features/merchant.ts:343
  BEFORE: {"sourceFile":"unknown","sourceComponent":"unknown","sourceLine":0}
  AFTER:  {"sourceFile":"/src/platform/ui/registry/features/merchant.ts","sourceComponent":"MERCHANT","sourceLine":343}
[2026-06-20T01:09:00.503Z] [COMPONENT_MOVED] Component moved for UI_MERCHANT_PROFILE_PERFORMANCE_ORDERS_TODAY_SUBTITLE (02c23edf-35dc-5d02-a33b-57e969cbf32c): unknown@unknown:0 -> MERCHANT@/src/platform/ui/registry/features/merchant.ts:354
  BEFORE: {"sourceFile":"unknown","sourceComponent":"unknown","sourceLine":0}
  AFTER:  {"sourceFile":"/src/platform/ui/registry/features/merchant.ts","sourceComponent":"MERCHANT","sourceLine":354}
[2026-06-20T01:09:00.503Z] [COMPONENT_MOVED] Component moved for UI_MERCHANT_PROFILE_PERFORMANCE_ORDERS_MONTH (ea185185-38d2-5d62-abcd-f92baf5cf2d0): unknown@unknown:0 -> MERCHANT@/src/platform/ui/registry/features/merchant.ts:365
  BEFORE: {"sourceFile":"unknown","sourceComponent":"unknown","sourceLine":0}
  AFTER:  {"sourceFile":"/src/platform/ui/registry/features/merchant.ts","sourceComponent":"MERCHANT","sourceLine":365}
[2026-06-20T01:09:00.503Z] [COMPONENT_MOVED] Component moved for UI_MERCHANT_PROFILE_PERFORMANCE_ORDERS_MONTH_SUBTITLE (91f4193a-85d2-5e4b-8399-388815207e71): unknown@unknown:0 -> MERCHANT@/src/platform/ui/registry/features/merchant.ts:376
  BEFORE: {"sourceFile":"unknown","sourceComponent":"unknown","sourceLine":0}
  AFTER:  {"sourceFile":"/src/platform/ui/registry/features/merchant.ts","sourceComponent":"MERCHANT","sourceLine":376}
[2026-06-20T01:09:00.503Z] [COMPONENT_MOVED] Component moved for UI_MERCHANT_PROFILE_PERFORMANCE_CONVERSION_RATE (14679420-b33b-551d-844d-1b8e5148534b): unknown@unknown:0 -> MERCHANT@/src/platform/ui/registry/features/merchant.ts:387
  BEFORE: {"sourceFile":"unknown","sourceComponent":"unknown","sourceLine":0}
  AFTER:  {"sourceFile":"/src/platform/ui/registry/features/merchant.ts","sourceComponent":"MERCHANT","sourceLine":387}
[2026-06-20T01:09:00.503Z] [COMPONENT_MOVED] Component moved for UI_MERCHANT_PROFILE_PERFORMANCE_CONVERSION_RATE_SUBTITLE (bfbfa581-ede0-5672-81f4-4a2feac288e8): unknown@unknown:0 -> MERCHANT@/src/platform/ui/registry/features/merchant.ts:398
  BEFORE: {"sourceFile":"unknown","sourceComponent":"unknown","sourceLine":0}
  AFTER:  {"sourceFile":"/src/platform/ui/registry/features/merchant.ts","sourceComponent":"MERCHANT","sourceLine":398}
[2026-06-20T01:09:00.503Z] [COMPONENT_MOVED] Component moved for UI_MERCHANT_PROFILE_PERFORMANCE_AVG_ORDER_VALUE (fadc8ba2-ea29-5f0f-bf27-a3605b705c3d): unknown@unknown:0 -> MERCHANT@/src/platform/ui/registry/features/merchant.ts:409
  BEFORE: {"sourceFile":"unknown","sourceComponent":"unknown","sourceLine":0}
  AFTER:  {"sourceFile":"/src/platform/ui/registry/features/merchant.ts","sourceComponent":"MERCHANT","sourceLine":409}
[2026-06-20T01:09:00.503Z] [COMPONENT_MOVED] Component moved for UI_MERCHANT_PROFILE_PERFORMANCE_AVG_ORDER_VALUE_SUBTITLE (02b6a98b-1277-5194-91fb-59c14336f152): unknown@unknown:0 -> MERCHANT@/src/platform/ui/registry/features/merchant.ts:420
  BEFORE: {"sourceFile":"unknown","sourceComponent":"unknown","sourceLine":0}
  AFTER:  {"sourceFile":"/src/platform/ui/registry/features/merchant.ts","sourceComponent":"MERCHANT","sourceLine":420}
[2026-06-20T01:09:00.503Z] [COMPONENT_MOVED] Component moved for UI_MERCHANT_PROFILE_PERFORMANCE_BEST_SELLING_CATEGORY (79735e61-f01f-57ac-867a-95bb06fa286e): unknown@unknown:0 -> MERCHANT@/src/platform/ui/registry/features/merchant.ts:431
  BEFORE: {"sourceFile":"unknown","sourceComponent":"unknown","sourceLine":0}
  AFTER:  {"sourceFile":"/src/platform/ui/registry/features/merchant.ts","sourceComponent":"MERCHANT","sourceLine":431}
[2026-06-20T01:09:00.503Z] [COMPONENT_MOVED] Component moved for UI_MERCHANT_PROFILE_PERFORMANCE_BEST_SELLING_CATEGORY_SUBTITLE (22c6692e-ba18-5c95-ab9a-1c98ef4676cf): unknown@unknown:0 -> MERCHANT@/src/platform/ui/registry/features/merchant.ts:442
  BEFORE: {"sourceFile":"unknown","sourceComponent":"unknown","sourceLine":0}
  AFTER:  {"sourceFile":"/src/platform/ui/registry/features/merchant.ts","sourceComponent":"MERCHANT","sourceLine":442}
[2026-06-20T01:09:00.503Z] [COMPONENT_MOVED] Component moved for UI_MERCHANT_PROFILE_PERFORMANCE_INVENTORY_HEALTH (ecd34eba-e64e-542d-8043-548c881ab557): unknown@unknown:0 -> MERCHANT@/src/platform/ui/registry/features/merchant.ts:453
  BEFORE: {"sourceFile":"unknown","sourceComponent":"unknown","sourceLine":0}
  AFTER:  {"sourceFile":"/src/platform/ui/registry/features/merchant.ts","sourceComponent":"MERCHANT","sourceLine":453}
[2026-06-20T01:09:00.503Z] [COMPONENT_MOVED] Component moved for UI_MERCHANT_PROFILE_COLLECTIONS_CONTAINER (6504d413-c393-5ae2-a6a1-26156cb71fc4): unknown@unknown:0 -> MERCHANT@/src/platform/ui/registry/features/merchant.ts:466
  BEFORE: {"sourceFile":"unknown","sourceComponent":"unknown","sourceLine":0}
  AFTER:  {"sourceFile":"/src/platform/ui/registry/features/merchant.ts","sourceComponent":"MERCHANT","sourceLine":466}
[2026-06-20T01:09:00.503Z] [COMPONENT_MOVED] Component moved for UI_MERCHANT_PROFILE_COLLECTIONS_CARD (0fad23f2-b5f5-57f1-a6ac-a9841dae2a23): unknown@unknown:0 -> MERCHANT@/src/platform/ui/registry/features/merchant.ts:477
  BEFORE: {"sourceFile":"unknown","sourceComponent":"unknown","sourceLine":0}
  AFTER:  {"sourceFile":"/src/platform/ui/registry/features/merchant.ts","sourceComponent":"MERCHANT","sourceLine":477}
[2026-06-20T01:09:00.503Z] [COMPONENT_MOVED] Component moved for UI_MERCHANT_PROFILE_COLLECTIONS_TITLE (1e0fb61a-e35b-5c7f-8f87-4020d65735cd): unknown@unknown:0 -> MERCHANT@/src/platform/ui/registry/features/merchant.ts:488
  BEFORE: {"sourceFile":"unknown","sourceComponent":"unknown","sourceLine":0}
  AFTER:  {"sourceFile":"/src/platform/ui/registry/features/merchant.ts","sourceComponent":"MERCHANT","sourceLine":488}
[2026-06-20T01:09:00.503Z] [COMPONENT_MOVED] Component moved for UI_MERCHANT_PROFILE_COLLECTIONS_VIEW_ALL (3659295d-a4a1-5892-8779-60ab2bc0ec00): unknown@unknown:0 -> MERCHANT@/src/platform/ui/registry/features/merchant.ts:499
  BEFORE: {"sourceFile":"unknown","sourceComponent":"unknown","sourceLine":0}
  AFTER:  {"sourceFile":"/src/platform/ui/registry/features/merchant.ts","sourceComponent":"MERCHANT","sourceLine":499}
[2026-06-20T01:09:00.503Z] [COMPONENT_MOVED] Component moved for UI_MERCHANT_PROFILE_COLLECTIONS_ITEMS (9db97800-dbca-5899-83ba-db52c831194b): unknown@unknown:0 -> MERCHANT@/src/platform/ui/registry/features/merchant.ts:510
  BEFORE: {"sourceFile":"unknown","sourceComponent":"unknown","sourceLine":0}
  AFTER:  {"sourceFile":"/src/platform/ui/registry/features/merchant.ts","sourceComponent":"MERCHANT","sourceLine":510}
[2026-06-20T01:09:00.503Z] [COMPONENT_MOVED] Component moved for UI_MERCHANT_PROFILE_BEST_SELLERS_CONTAINER (2755b4c7-c603-5554-9250-b5cd353d057a): unknown@unknown:0 -> MERCHANT@/src/platform/ui/registry/features/merchant.ts:523
  BEFORE: {"sourceFile":"unknown","sourceComponent":"unknown","sourceLine":0}
  AFTER:  {"sourceFile":"/src/platform/ui/registry/features/merchant.ts","sourceComponent":"MERCHANT","sourceLine":523}
[2026-06-20T01:09:00.503Z] [COMPONENT_MOVED] Component moved for UI_MERCHANT_PROFILE_BEST_SELLERS_CARD (28364e9e-c6c6-56b3-987f-decc3d8b3cb9): unknown@unknown:0 -> MERCHANT@/src/platform/ui/registry/features/merchant.ts:534
  BEFORE: {"sourceFile":"unknown","sourceComponent":"unknown","sourceLine":0}
  AFTER:  {"sourceFile":"/src/platform/ui/registry/features/merchant.ts","sourceComponent":"MERCHANT","sourceLine":534}
[2026-06-20T01:09:00.503Z] [COMPONENT_MOVED] Component moved for UI_MERCHANT_PROFILE_BEST_SELLERS_TITLE (f4ac98f6-e472-5edd-b902-45d824b7a3d7): unknown@unknown:0 -> MERCHANT@/src/platform/ui/registry/features/merchant.ts:545
  BEFORE: {"sourceFile":"unknown","sourceComponent":"unknown","sourceLine":0}
  AFTER:  {"sourceFile":"/src/platform/ui/registry/features/merchant.ts","sourceComponent":"MERCHANT","sourceLine":545}
[2026-06-20T01:09:00.503Z] [COMPONENT_MOVED] Component moved for UI_MERCHANT_PROFILE_BEST_SELLERS_VIEW_ALL (24c1ba11-36e7-57d0-9648-66b37e6e0eda): unknown@unknown:0 -> MERCHANT@/src/platform/ui/registry/features/merchant.ts:556
  BEFORE: {"sourceFile":"unknown","sourceComponent":"unknown","sourceLine":0}
  AFTER:  {"sourceFile":"/src/platform/ui/registry/features/merchant.ts","sourceComponent":"MERCHANT","sourceLine":556}
[2026-06-20T01:09:00.503Z] [COMPONENT_MOVED] Component moved for UI_MERCHANT_PROFILE_BEST_SELLERS_PERCENT_OFF (16d830e7-e9d4-5870-a076-b7bd34142716): unknown@unknown:0 -> MERCHANT@/src/platform/ui/registry/features/merchant.ts:567
  BEFORE: {"sourceFile":"unknown","sourceComponent":"unknown","sourceLine":0}
  AFTER:  {"sourceFile":"/src/platform/ui/registry/features/merchant.ts","sourceComponent":"MERCHANT","sourceLine":567}
[2026-06-20T01:09:00.503Z] [COMPONENT_MOVED] Component moved for UI_MERCHANT_PROFILE_BEST_SELLERS_SOLD (45b4e13a-3005-5553-ac52-53f8682a8a99): unknown@unknown:0 -> MERCHANT@/src/platform/ui/registry/features/merchant.ts:578
  BEFORE: {"sourceFile":"unknown","sourceComponent":"unknown","sourceLine":0}
  AFTER:  {"sourceFile":"/src/platform/ui/registry/features/merchant.ts","sourceComponent":"MERCHANT","sourceLine":578}
[2026-06-20T01:09:00.503Z] [COMPONENT_MOVED] Component moved for UI_MERCHANT_PROFILE_RECENT_ORDERS_CONTAINER (c2a8784b-89d2-52b6-92ce-952db8097a18): unknown@unknown:0 -> MERCHANT@/src/platform/ui/registry/features/merchant.ts:591
  BEFORE: {"sourceFile":"unknown","sourceComponent":"unknown","sourceLine":0}
  AFTER:  {"sourceFile":"/src/platform/ui/registry/features/merchant.ts","sourceComponent":"MERCHANT","sourceLine":591}
[2026-06-20T01:09:00.503Z] [COMPONENT_MOVED] Component moved for UI_MERCHANT_PROFILE_RECENT_ORDERS_TITLE (bc7e9512-d0ac-5f7b-b0ae-55b8ef12b429): unknown@unknown:0 -> MERCHANT@/src/platform/ui/registry/features/merchant.ts:602
  BEFORE: {"sourceFile":"unknown","sourceComponent":"unknown","sourceLine":0}
  AFTER:  {"sourceFile":"/src/platform/ui/registry/features/merchant.ts","sourceComponent":"MERCHANT","sourceLine":602}
[2026-06-20T01:09:00.503Z] [COMPONENT_MOVED] Component moved for UI_MERCHANT_PROFILE_RECENT_ORDERS_VIEW_ALL (f571b605-6898-59d6-b85c-ce5364a67204): unknown@unknown:0 -> MERCHANT@/src/platform/ui/registry/features/merchant.ts:613
  BEFORE: {"sourceFile":"unknown","sourceComponent":"unknown","sourceLine":0}
  AFTER:  {"sourceFile":"/src/platform/ui/registry/features/merchant.ts","sourceComponent":"MERCHANT","sourceLine":613}
[2026-06-20T01:09:00.503Z] [COMPONENT_MOVED] Component moved for UI_MERCHANT_PROFILE_RECENT_ORDERS_ITEM (1996d2db-8560-591c-a834-a9bd5d0c3066): unknown@unknown:0 -> MERCHANT@/src/platform/ui/registry/features/merchant.ts:624
  BEFORE: {"sourceFile":"unknown","sourceComponent":"unknown","sourceLine":0}
  AFTER:  {"sourceFile":"/src/platform/ui/registry/features/merchant.ts","sourceComponent":"MERCHANT","sourceLine":624}
[2026-06-20T01:09:00.503Z] [COMPONENT_MOVED] Component moved for UI_MERCHANT_PROFILE_RECENT_ORDERS_ITEMS (d06d6c18-462a-575d-b8e7-81aaaf2fe36f): unknown@unknown:0 -> MERCHANT@/src/platform/ui/registry/features/merchant.ts:635
  BEFORE: {"sourceFile":"unknown","sourceComponent":"unknown","sourceLine":0}
  AFTER:  {"sourceFile":"/src/platform/ui/registry/features/merchant.ts","sourceComponent":"MERCHANT","sourceLine":635}
[2026-06-20T01:09:00.503Z] [COMPONENT_MOVED] Component moved for UI_MERCHANT_PROFILE_REVIEWS_CONTAINER (61f6fdeb-063f-5b0a-a9fe-3a6d18695cac): unknown@unknown:0 -> MERCHANT@/src/platform/ui/registry/features/merchant.ts:648
  BEFORE: {"sourceFile":"unknown","sourceComponent":"unknown","sourceLine":0}
  AFTER:  {"sourceFile":"/src/platform/ui/registry/features/merchant.ts","sourceComponent":"MERCHANT","sourceLine":648}
[2026-06-20T01:09:00.503Z] [COMPONENT_MOVED] Component moved for UI_MERCHANT_PROFILE_REVIEWS_TITLE (2abb3cb2-62ad-5e27-bff4-6af8425a2875): unknown@unknown:0 -> MERCHANT@/src/platform/ui/registry/features/merchant.ts:659
  BEFORE: {"sourceFile":"unknown","sourceComponent":"unknown","sourceLine":0}
  AFTER:  {"sourceFile":"/src/platform/ui/registry/features/merchant.ts","sourceComponent":"MERCHANT","sourceLine":659}
[2026-06-20T01:09:00.503Z] [COMPONENT_MOVED] Component moved for UI_MERCHANT_PROFILE_REVIEWS_VIEW_ALL (a8f82d65-31ab-562a-9479-ae93965c8118): unknown@unknown:0 -> MERCHANT@/src/platform/ui/registry/features/merchant.ts:670
  BEFORE: {"sourceFile":"unknown","sourceComponent":"unknown","sourceLine":0}
  AFTER:  {"sourceFile":"/src/platform/ui/registry/features/merchant.ts","sourceComponent":"MERCHANT","sourceLine":670}
[2026-06-20T01:09:00.503Z] [COMPONENT_MOVED] Component moved for UI_MERCHANT_PROFILE_REVIEWS_BASED_ON (79312799-c35d-5e22-abc0-53e73dee2e18): unknown@unknown:0 -> MERCHANT@/src/platform/ui/registry/features/merchant.ts:681
  BEFORE: {"sourceFile":"unknown","sourceComponent":"unknown","sourceLine":0}
  AFTER:  {"sourceFile":"/src/platform/ui/registry/features/merchant.ts","sourceComponent":"MERCHANT","sourceLine":681}
[2026-06-20T01:09:00.503Z] [COMPONENT_MOVED] Component moved for UI_MERCHANT_PROFILE_REVIEWS_REVIEWS (a6e04331-9cff-528c-91ca-b6bf84dd9582): unknown@unknown:0 -> MERCHANT@/src/platform/ui/registry/features/merchant.ts:692
  BEFORE: {"sourceFile":"unknown","sourceComponent":"unknown","sourceLine":0}
  AFTER:  {"sourceFile":"/src/platform/ui/registry/features/merchant.ts","sourceComponent":"MERCHANT","sourceLine":692}
[2026-06-20T01:09:00.503Z] [COMPONENT_MOVED] Component moved for UI_MERCHANT_PROFILE_REVIEWS_STAR (2060df0c-9a26-58b3-b59f-d70ee304b76d): unknown@unknown:0 -> MERCHANT@/src/platform/ui/registry/features/merchant.ts:703
  BEFORE: {"sourceFile":"unknown","sourceComponent":"unknown","sourceLine":0}
  AFTER:  {"sourceFile":"/src/platform/ui/registry/features/merchant.ts","sourceComponent":"MERCHANT","sourceLine":703}
[2026-06-20T01:09:00.503Z] [COMPONENT_MOVED] Component moved for UI_MERCHANT_PROFILE_REVIEWS_STARS (577fa28d-8a2b-58a0-87a0-07679e6c769a): unknown@unknown:0 -> MERCHANT@/src/platform/ui/registry/features/merchant.ts:714
  BEFORE: {"sourceFile":"unknown","sourceComponent":"unknown","sourceLine":0}
  AFTER:  {"sourceFile":"/src/platform/ui/registry/features/merchant.ts","sourceComponent":"MERCHANT","sourceLine":714}
[2026-06-20T01:09:00.503Z] [COMPONENT_MOVED] Component moved for UI_MERCHANT_PROFILE_REVIEWS_PURCHASED (24beb6a1-2cc6-5ffc-9c29-64f3d064f3d6): unknown@unknown:0 -> MERCHANT@/src/platform/ui/registry/features/merchant.ts:725
  BEFORE: {"sourceFile":"unknown","sourceComponent":"unknown","sourceLine":0}
  AFTER:  {"sourceFile":"/src/platform/ui/registry/features/merchant.ts","sourceComponent":"MERCHANT","sourceLine":725}
[2026-06-20T01:09:00.503Z] [COMPONENT_MOVED] Component moved for UI_MERCHANT_PROFILE_REVIEWS_HELPFUL (2384467a-d161-5df7-8fd9-0d545e8ab9b1): unknown@unknown:0 -> MERCHANT@/src/platform/ui/registry/features/merchant.ts:736
  BEFORE: {"sourceFile":"unknown","sourceComponent":"unknown","sourceLine":0}
  AFTER:  {"sourceFile":"/src/platform/ui/registry/features/merchant.ts","sourceComponent":"MERCHANT","sourceLine":736}
[2026-06-20T01:09:00.503Z] [COMPONENT_MOVED] Component moved for UI_MERCHANT_PROFILE_STORE_INFO_CONTAINER (39dc65b0-2aee-5973-9e10-ece21c1aca7d): unknown@unknown:0 -> MERCHANT@/src/platform/ui/registry/features/merchant.ts:749
  BEFORE: {"sourceFile":"unknown","sourceComponent":"unknown","sourceLine":0}
  AFTER:  {"sourceFile":"/src/platform/ui/registry/features/merchant.ts","sourceComponent":"MERCHANT","sourceLine":749}
[2026-06-20T01:09:00.503Z] [COMPONENT_MOVED] Component moved for UI_MERCHANT_PROFILE_STORE_INFO_TITLE (42922561-3bd5-53fa-8582-7e7fb3938348): unknown@unknown:0 -> MERCHANT@/src/platform/ui/registry/features/merchant.ts:760
  BEFORE: {"sourceFile":"unknown","sourceComponent":"unknown","sourceLine":0}
  AFTER:  {"sourceFile":"/src/platform/ui/registry/features/merchant.ts","sourceComponent":"MERCHANT","sourceLine":760}
[2026-06-20T01:09:00.503Z] [COMPONENT_MOVED] Component moved for UI_MERCHANT_PROFILE_STORE_INFO_ABOUT (1edc6b66-179b-5cb1-b060-426412fcf707): unknown@unknown:0 -> MERCHANT@/src/platform/ui/registry/features/merchant.ts:771
  BEFORE: {"sourceFile":"unknown","sourceComponent":"unknown","sourceLine":0}
  AFTER:  {"sourceFile":"/src/platform/ui/registry/features/merchant.ts","sourceComponent":"MERCHANT","sourceLine":771}
[2026-06-20T01:09:00.503Z] [COMPONENT_MOVED] Component moved for UI_MERCHANT_PROFILE_STORE_INFO_SHOW_LESS (3bbce5a4-b766-5e07-832c-9e826e1393fd): unknown@unknown:0 -> MERCHANT@/src/platform/ui/registry/features/merchant.ts:782
  BEFORE: {"sourceFile":"unknown","sourceComponent":"unknown","sourceLine":0}
  AFTER:  {"sourceFile":"/src/platform/ui/registry/features/merchant.ts","sourceComponent":"MERCHANT","sourceLine":782}
[2026-06-20T01:09:00.503Z] [COMPONENT_MOVED] Component moved for UI_MERCHANT_PROFILE_STORE_INFO_SHOW_MORE (e667d674-bfd3-547f-a881-307aa8230fed): unknown@unknown:0 -> MERCHANT@/src/platform/ui/registry/features/merchant.ts:793
  BEFORE: {"sourceFile":"unknown","sourceComponent":"unknown","sourceLine":0}
  AFTER:  {"sourceFile":"/src/platform/ui/registry/features/merchant.ts","sourceComponent":"MERCHANT","sourceLine":793}
[2026-06-20T01:09:00.503Z] [COMPONENT_MOVED] Component moved for UI_MERCHANT_PROFILE_STORE_INFO_CATEGORIES (3c493475-38a6-59a0-9128-724b4003fb0e): unknown@unknown:0 -> MERCHANT@/src/platform/ui/registry/features/merchant.ts:804
  BEFORE: {"sourceFile":"unknown","sourceComponent":"unknown","sourceLine":0}
  AFTER:  {"sourceFile":"/src/platform/ui/registry/features/merchant.ts","sourceComponent":"MERCHANT","sourceLine":804}
[2026-06-20T01:09:00.503Z] [COMPONENT_MOVED] Component moved for UI_MERCHANT_PROFILE_STORE_INFO_SHIPPING_COVERAGE (4ee1e6de-fa1f-56f5-9067-27d8020afa07): unknown@unknown:0 -> MERCHANT@/src/platform/ui/registry/features/merchant.ts:815
  BEFORE: {"sourceFile":"unknown","sourceComponent":"unknown","sourceLine":0}
  AFTER:  {"sourceFile":"/src/platform/ui/registry/features/merchant.ts","sourceComponent":"MERCHANT","sourceLine":815}
[2026-06-20T01:09:00.503Z] [COMPONENT_MOVED] Component moved for UI_MERCHANT_PROFILE_STORE_INFO_MORE (f5896da8-c344-53a5-9133-2ea24fd21a4f): unknown@unknown:0 -> MERCHANT@/src/platform/ui/registry/features/merchant.ts:826
  BEFORE: {"sourceFile":"unknown","sourceComponent":"unknown","sourceLine":0}
  AFTER:  {"sourceFile":"/src/platform/ui/registry/features/merchant.ts","sourceComponent":"MERCHANT","sourceLine":826}
[2026-06-20T01:09:00.503Z] [COMPONENT_MOVED] Component moved for UI_MERCHANT_PROFILE_STORE_INFO_RETURN_POLICY (f11c8562-7035-5459-b9c4-0e10923158af): unknown@unknown:0 -> MERCHANT@/src/platform/ui/registry/features/merchant.ts:837
  BEFORE: {"sourceFile":"unknown","sourceComponent":"unknown","sourceLine":0}
  AFTER:  {"sourceFile":"/src/platform/ui/registry/features/merchant.ts","sourceComponent":"MERCHANT","sourceLine":837}
[2026-06-20T01:09:00.503Z] [COMPONENT_MOVED] Component moved for UI_MERCHANT_PROFILE_STORE_INFO_STORE_SPECIALTIES (680b7e0d-4c9f-58b6-bca8-60ff243d5058): unknown@unknown:0 -> MERCHANT@/src/platform/ui/registry/features/merchant.ts:848
  BEFORE: {"sourceFile":"unknown","sourceComponent":"unknown","sourceLine":0}
  AFTER:  {"sourceFile":"/src/platform/ui/registry/features/merchant.ts","sourceComponent":"MERCHANT","sourceLine":848}
[2026-06-20T01:09:00.503Z] [COMPONENT_MOVED] Component moved for UI_MERCHANT_PROFILE_TRUST_CONTAINER (15afd448-9f66-5579-9e66-1afaf61d330b): unknown@unknown:0 -> MERCHANT@/src/platform/ui/registry/features/merchant.ts:861
  BEFORE: {"sourceFile":"unknown","sourceComponent":"unknown","sourceLine":0}
  AFTER:  {"sourceFile":"/src/platform/ui/registry/features/merchant.ts","sourceComponent":"MERCHANT","sourceLine":861}
[2026-06-20T01:09:00.503Z] [COMPONENT_MOVED] Component moved for UI_MERCHANT_PROFILE_TRUST_TITLE (ff46f319-f98c-5ddc-9992-6157750584d2): unknown@unknown:0 -> MERCHANT@/src/platform/ui/registry/features/merchant.ts:872
  BEFORE: {"sourceFile":"unknown","sourceComponent":"unknown","sourceLine":0}
  AFTER:  {"sourceFile":"/src/platform/ui/registry/features/merchant.ts","sourceComponent":"MERCHANT","sourceLine":872}
[2026-06-20T01:09:00.503Z] [COMPONENT_MOVED] Component moved for UI_MERCHANT_PROFILE_TRUST_ACHIEVEMENTS (faa679a1-839d-5d86-a1d0-3ecb32b55400): unknown@unknown:0 -> MERCHANT@/src/platform/ui/registry/features/merchant.ts:883
  BEFORE: {"sourceFile":"unknown","sourceComponent":"unknown","sourceLine":0}
  AFTER:  {"sourceFile":"/src/platform/ui/registry/features/merchant.ts","sourceComponent":"MERCHANT","sourceLine":883}
[2026-06-20T01:09:00.503Z] [COMPONENT_MOVED] Component moved for UI_MERCHANT_PROFILE_TRUST_SELLER_BADGES (ea3f5deb-6ebf-5b6a-ba20-a5c9e1fbb338): unknown@unknown:0 -> MERCHANT@/src/platform/ui/registry/features/merchant.ts:894
  BEFORE: {"sourceFile":"unknown","sourceComponent":"unknown","sourceLine":0}
  AFTER:  {"sourceFile":"/src/platform/ui/registry/features/merchant.ts","sourceComponent":"MERCHANT","sourceLine":894}
[2026-06-20T01:09:00.503Z] [COMPONENT_MOVED] Component moved for UI_MERCHANT_PROFILE_TRUST_NO_BADGES_EARNED (dd149a3b-adb4-5654-b9b8-a899bb855c82): unknown@unknown:0 -> MERCHANT@/src/platform/ui/registry/features/merchant.ts:905
  BEFORE: {"sourceFile":"unknown","sourceComponent":"unknown","sourceLine":0}
  AFTER:  {"sourceFile":"/src/platform/ui/registry/features/merchant.ts","sourceComponent":"MERCHANT","sourceLine":905}
[2026-06-20T01:09:00.503Z] [COMPONENT_MOVED] Component moved for UI_MERCHANT_COMMON_VIEW_ALL (6ec6bbb3-7085-52aa-b755-553d21b2255c): unknown@unknown:0 -> MERCHANT@/src/platform/ui/registry/features/merchant.ts:919
  BEFORE: {"sourceFile":"unknown","sourceComponent":"unknown","sourceLine":0}
  AFTER:  {"sourceFile":"/src/platform/ui/registry/features/merchant.ts","sourceComponent":"MERCHANT","sourceLine":919}
[2026-06-20T01:09:00.503Z] [COMPONENT_MOVED] Component moved for UI_ONBOARDING_CONTAINER (d6b7547e-ac71-580f-b9f0-44bc889302ad): unknown@unknown:0 -> ONBOARDING@/src/platform/ui/registry/features/onboarding.ts:6
  BEFORE: {"sourceFile":"unknown","sourceComponent":"unknown","sourceLine":0}
  AFTER:  {"sourceFile":"/src/platform/ui/registry/features/onboarding.ts","sourceComponent":"ONBOARDING","sourceLine":6}
[2026-06-20T01:09:00.503Z] [COMPONENT_MOVED] Component moved for UI_ONBOARDING_SIDEBAR (b38d19cd-0d3c-549c-a0d3-eeb3761c9cf2): unknown@unknown:0 -> ONBOARDING@/src/platform/ui/registry/features/onboarding.ts:17
  BEFORE: {"sourceFile":"unknown","sourceComponent":"unknown","sourceLine":0}
  AFTER:  {"sourceFile":"/src/platform/ui/registry/features/onboarding.ts","sourceComponent":"ONBOARDING","sourceLine":17}
[2026-06-20T01:09:00.503Z] [COMPONENT_MOVED] Component moved for UI_ONBOARDING_STEP_ITEM (47613d21-3758-51b8-a749-261b06170c82): unknown@unknown:0 -> ONBOARDING@/src/platform/ui/registry/features/onboarding.ts:28
  BEFORE: {"sourceFile":"unknown","sourceComponent":"unknown","sourceLine":0}
  AFTER:  {"sourceFile":"/src/platform/ui/registry/features/onboarding.ts","sourceComponent":"ONBOARDING","sourceLine":28}
[2026-06-20T01:09:00.503Z] [COMPONENT_MOVED] Component moved for UI_ONBOARDING_FORM (e17cce01-cabe-529e-a01e-c5f3fd424348): unknown@unknown:0 -> ONBOARDING@/src/platform/ui/registry/features/onboarding.ts:39
  BEFORE: {"sourceFile":"unknown","sourceComponent":"unknown","sourceLine":0}
  AFTER:  {"sourceFile":"/src/platform/ui/registry/features/onboarding.ts","sourceComponent":"ONBOARDING","sourceLine":39}
[2026-06-20T01:09:00.503Z] [COMPONENT_MOVED] Component moved for UI_ONBOARDING_NEXT_BUTTON (7b7da5ff-b5e5-512a-a70a-9b85146175a0): unknown@unknown:0 -> ONBOARDING@/src/platform/ui/registry/features/onboarding.ts:50
  BEFORE: {"sourceFile":"unknown","sourceComponent":"unknown","sourceLine":0}
  AFTER:  {"sourceFile":"/src/platform/ui/registry/features/onboarding.ts","sourceComponent":"ONBOARDING","sourceLine":50}
[2026-06-20T01:09:00.503Z] [COMPONENT_MOVED] Component moved for UI_ONBOARDING_PREV_BUTTON (0f7d89fb-cbf5-551e-aded-98e5ee76c500): unknown@unknown:0 -> ONBOARDING@/src/platform/ui/registry/features/onboarding.ts:61
  BEFORE: {"sourceFile":"unknown","sourceComponent":"unknown","sourceLine":0}
  AFTER:  {"sourceFile":"/src/platform/ui/registry/features/onboarding.ts","sourceComponent":"ONBOARDING","sourceLine":61}
[2026-06-20T01:09:00.503Z] [COMPONENT_MOVED] Component moved for UI_ONBOARDING_COMPLETION (2b0bda3d-576e-5586-af34-2e33cfe6659c): unknown@unknown:0 -> ONBOARDING@/src/platform/ui/registry/features/onboarding.ts:72
  BEFORE: {"sourceFile":"unknown","sourceComponent":"unknown","sourceLine":0}
  AFTER:  {"sourceFile":"/src/platform/ui/registry/features/onboarding.ts","sourceComponent":"ONBOARDING","sourceLine":72}
[2026-06-20T01:09:00.503Z] [COMPONENT_MOVED] Component moved for UI_ONBOARDING_WELCOME_TITLE (72b8d12c-c34b-5865-a2cc-6b7641bfe2e7): unknown@unknown:0 -> ONBOARDING@/src/platform/ui/registry/features/onboarding.ts:85
  BEFORE: {"sourceFile":"unknown","sourceComponent":"unknown","sourceLine":0}
  AFTER:  {"sourceFile":"/src/platform/ui/registry/features/onboarding.ts","sourceComponent":"ONBOARDING","sourceLine":85}
[2026-06-20T01:09:00.503Z] [COMPONENT_MOVED] Component moved for UI_ONBOARDING_WELCOME_DESCRIPTION (3b90fdfc-ebfb-5dbd-a89d-b0ea0ef66423): unknown@unknown:0 -> ONBOARDING@/src/platform/ui/registry/features/onboarding.ts:96
  BEFORE: {"sourceFile":"unknown","sourceComponent":"unknown","sourceLine":0}
  AFTER:  {"sourceFile":"/src/platform/ui/registry/features/onboarding.ts","sourceComponent":"ONBOARDING","sourceLine":96}
[2026-06-20T01:09:00.503Z] [COMPONENT_MOVED] Component moved for UI_ONBOARDING_WELCOME_GET_STARTED (1f909260-c21d-5311-b7e5-a23a7713e20b): unknown@unknown:0 -> ONBOARDING@/src/platform/ui/registry/features/onboarding.ts:107
  BEFORE: {"sourceFile":"unknown","sourceComponent":"unknown","sourceLine":0}
  AFTER:  {"sourceFile":"/src/platform/ui/registry/features/onboarding.ts","sourceComponent":"ONBOARDING","sourceLine":107}
[2026-06-20T01:09:00.503Z] [COMPONENT_MOVED] Component moved for UI_ONBOARDING_STORE_INFO_TITLE (3129985c-b767-5667-adc5-788206ac1ee5): unknown@unknown:0 -> ONBOARDING@/src/platform/ui/registry/features/onboarding.ts:120
  BEFORE: {"sourceFile":"unknown","sourceComponent":"unknown","sourceLine":0}
  AFTER:  {"sourceFile":"/src/platform/ui/registry/features/onboarding.ts","sourceComponent":"ONBOARDING","sourceLine":120}
[2026-06-20T01:09:00.503Z] [COMPONENT_MOVED] Component moved for UI_ONBOARDING_STORE_INFO_DESCRIPTION (ffdfccec-a5c3-5ba3-8dd8-cddefe22e03d): unknown@unknown:0 -> ONBOARDING@/src/platform/ui/registry/features/onboarding.ts:131
  BEFORE: {"sourceFile":"unknown","sourceComponent":"unknown","sourceLine":0}
  AFTER:  {"sourceFile":"/src/platform/ui/registry/features/onboarding.ts","sourceComponent":"ONBOARDING","sourceLine":131}
[2026-06-20T01:09:00.503Z] [COMPONENT_MOVED] Component moved for UI_ONBOARDING_STORE_INFO_STORE_NAME (26754a17-e06f-5436-8c22-2d0d4888f304): unknown@unknown:0 -> ONBOARDING@/src/platform/ui/registry/features/onboarding.ts:142
  BEFORE: {"sourceFile":"unknown","sourceComponent":"unknown","sourceLine":0}
  AFTER:  {"sourceFile":"/src/platform/ui/registry/features/onboarding.ts","sourceComponent":"ONBOARDING","sourceLine":142}
[2026-06-20T01:09:00.503Z] [COMPONENT_MOVED] Component moved for UI_ONBOARDING_STORE_INFO_STORE_NAME_PLACEHOLDER (4599b93d-aa32-56b8-b74b-b52324cf660e): unknown@unknown:0 -> ONBOARDING@/src/platform/ui/registry/features/onboarding.ts:153
  BEFORE: {"sourceFile":"unknown","sourceComponent":"unknown","sourceLine":0}
  AFTER:  {"sourceFile":"/src/platform/ui/registry/features/onboarding.ts","sourceComponent":"ONBOARDING","sourceLine":153}
[2026-06-20T01:09:00.503Z] [COMPONENT_MOVED] Component moved for UI_ONBOARDING_STORE_INFO_STORE_URL (897d6b55-8220-5d2e-ab13-acdfe61792c0): unknown@unknown:0 -> ONBOARDING@/src/platform/ui/registry/features/onboarding.ts:164
  BEFORE: {"sourceFile":"unknown","sourceComponent":"unknown","sourceLine":0}
  AFTER:  {"sourceFile":"/src/platform/ui/registry/features/onboarding.ts","sourceComponent":"ONBOARDING","sourceLine":164}
[2026-06-20T01:09:00.503Z] [COMPONENT_MOVED] Component moved for UI_ONBOARDING_STORE_INFO_STORE_URL_PLACEHOLDER (288e5c1b-4520-5a40-ac29-43f531e85fd2): unknown@unknown:0 -> ONBOARDING@/src/platform/ui/registry/features/onboarding.ts:175
  BEFORE: {"sourceFile":"unknown","sourceComponent":"unknown","sourceLine":0}
  AFTER:  {"sourceFile":"/src/platform/ui/registry/features/onboarding.ts","sourceComponent":"ONBOARDING","sourceLine":175}
[2026-06-20T01:09:00.503Z] [COMPONENT_MOVED] Component moved for UI_ONBOARDING_STORE_INFO_STORE_CATEGORY (07617834-f66e-59a1-aa8f-f5e67cace15b): unknown@unknown:0 -> ONBOARDING@/src/platform/ui/registry/features/onboarding.ts:186
  BEFORE: {"sourceFile":"unknown","sourceComponent":"unknown","sourceLine":0}
  AFTER:  {"sourceFile":"/src/platform/ui/registry/features/onboarding.ts","sourceComponent":"ONBOARDING","sourceLine":186}
[2026-06-20T01:09:00.503Z] [COMPONENT_MOVED] Component moved for UI_ONBOARDING_STORE_INFO_STORE_CATEGORY_PLACEHOLDER (1753ba5e-b58b-5d6f-b7bc-0388b606fae9): unknown@unknown:0 -> ONBOARDING@/src/platform/ui/registry/features/onboarding.ts:197
  BEFORE: {"sourceFile":"unknown","sourceComponent":"unknown","sourceLine":0}
  AFTER:  {"sourceFile":"/src/platform/ui/registry/features/onboarding.ts","sourceComponent":"ONBOARDING","sourceLine":197}
[2026-06-20T01:09:00.503Z] [COMPONENT_MOVED] Component moved for UI_ONBOARDING_STORE_INFO_CATEGORY_FASHION (92ec859d-05ea-5e10-8122-ea1336334236): unknown@unknown:0 -> ONBOARDING@/src/platform/ui/registry/features/onboarding.ts:208
  BEFORE: {"sourceFile":"unknown","sourceComponent":"unknown","sourceLine":0}
  AFTER:  {"sourceFile":"/src/platform/ui/registry/features/onboarding.ts","sourceComponent":"ONBOARDING","sourceLine":208}
[2026-06-20T01:09:00.503Z] [COMPONENT_MOVED] Component moved for UI_ONBOARDING_STORE_INFO_CATEGORY_ELECTRONICS (04135952-69ae-56cf-b0a7-0f689cba1fdd): unknown@unknown:0 -> ONBOARDING@/src/platform/ui/registry/features/onboarding.ts:219
  BEFORE: {"sourceFile":"unknown","sourceComponent":"unknown","sourceLine":0}
  AFTER:  {"sourceFile":"/src/platform/ui/registry/features/onboarding.ts","sourceComponent":"ONBOARDING","sourceLine":219}
[2026-06-20T01:09:00.503Z] [COMPONENT_MOVED] Component moved for UI_ONBOARDING_STORE_INFO_CATEGORY_HOME (3251ee2c-30d7-5d13-895e-22fafe548d01): unknown@unknown:0 -> ONBOARDING@/src/platform/ui/registry/features/onboarding.ts:230
  BEFORE: {"sourceFile":"unknown","sourceComponent":"unknown","sourceLine":0}
  AFTER:  {"sourceFile":"/src/platform/ui/registry/features/onboarding.ts","sourceComponent":"ONBOARDING","sourceLine":230}
[2026-06-20T01:09:00.503Z] [COMPONENT_MOVED] Component moved for UI_ONBOARDING_STORE_INFO_CATEGORY_BEAUTY (69ab0b07-3351-530c-80aa-b96d9b40dd0a): unknown@unknown:0 -> ONBOARDING@/src/platform/ui/registry/features/onboarding.ts:241
  BEFORE: {"sourceFile":"unknown","sourceComponent":"unknown","sourceLine":0}
  AFTER:  {"sourceFile":"/src/platform/ui/registry/features/onboarding.ts","sourceComponent":"ONBOARDING","sourceLine":241}
[2026-06-20T01:09:00.503Z] [COMPONENT_MOVED] Component moved for UI_ONBOARDING_STORE_INFO_CATEGORY_SPORTS (0e845bec-7113-538f-9166-196e4f7b7fe9): unknown@unknown:0 -> ONBOARDING@/src/platform/ui/registry/features/onboarding.ts:252
  BEFORE: {"sourceFile":"unknown","sourceComponent":"unknown","sourceLine":0}
  AFTER:  {"sourceFile":"/src/platform/ui/registry/features/onboarding.ts","sourceComponent":"ONBOARDING","sourceLine":252}
[2026-06-20T01:09:00.503Z] [COMPONENT_MOVED] Component moved for UI_ONBOARDING_STORE_INFO_CATEGORY_OTHER (9f7717b3-9d2b-5536-a798-9319f3fe4c4c): unknown@unknown:0 -> ONBOARDING@/src/platform/ui/registry/features/onboarding.ts:263
  BEFORE: {"sourceFile":"unknown","sourceComponent":"unknown","sourceLine":0}
  AFTER:  {"sourceFile":"/src/platform/ui/registry/features/onboarding.ts","sourceComponent":"ONBOARDING","sourceLine":263}
[2026-06-20T01:09:00.503Z] [COMPONENT_MOVED] Component moved for UI_ONBOARDING_STORE_INFO_STORE_DESCRIPTION (a0c29276-83b7-5639-8a60-85f01b6c4ccb): unknown@unknown:0 -> ONBOARDING@/src/platform/ui/registry/features/onboarding.ts:274
  BEFORE: {"sourceFile":"unknown","sourceComponent":"unknown","sourceLine":0}
  AFTER:  {"sourceFile":"/src/platform/ui/registry/features/onboarding.ts","sourceComponent":"ONBOARDING","sourceLine":274}
[2026-06-20T01:09:00.503Z] [COMPONENT_MOVED] Component moved for UI_ONBOARDING_STORE_INFO_STORE_DESCRIPTION_PLACEHOLDER (9712e5f8-fbbb-5dd7-bc07-0de210bc4739): unknown@unknown:0 -> ONBOARDING@/src/platform/ui/registry/features/onboarding.ts:285
  BEFORE: {"sourceFile":"unknown","sourceComponent":"unknown","sourceLine":0}
  AFTER:  {"sourceFile":"/src/platform/ui/registry/features/onboarding.ts","sourceComponent":"ONBOARDING","sourceLine":285}
[2026-06-20T01:09:00.503Z] [COMPONENT_MOVED] Component moved for UI_ONBOARDING_BUSINESS_DETAILS_TITLE (f6c267dd-1bba-5926-b22f-a6a3f7fbf38c): unknown@unknown:0 -> ONBOARDING@/src/platform/ui/registry/features/onboarding.ts:298
  BEFORE: {"sourceFile":"unknown","sourceComponent":"unknown","sourceLine":0}
  AFTER:  {"sourceFile":"/src/platform/ui/registry/features/onboarding.ts","sourceComponent":"ONBOARDING","sourceLine":298}
[2026-06-20T01:09:00.503Z] [COMPONENT_MOVED] Component moved for UI_ONBOARDING_BUSINESS_DETAILS_DESCRIPTION (1be51cf5-e82c-539a-b2a0-abe753a953dc): unknown@unknown:0 -> ONBOARDING@/src/platform/ui/registry/features/onboarding.ts:309
  BEFORE: {"sourceFile":"unknown","sourceComponent":"unknown","sourceLine":0}
  AFTER:  {"sourceFile":"/src/platform/ui/registry/features/onboarding.ts","sourceComponent":"ONBOARDING","sourceLine":309}
[2026-06-20T01:09:00.503Z] [COMPONENT_MOVED] Component moved for UI_ONBOARDING_BUSINESS_DETAILS_BUSINESS_NAME (c2ebb2a3-7f45-5c3c-bf94-908da9a94f5e): unknown@unknown:0 -> ONBOARDING@/src/platform/ui/registry/features/onboarding.ts:320
  BEFORE: {"sourceFile":"unknown","sourceComponent":"unknown","sourceLine":0}
  AFTER:  {"sourceFile":"/src/platform/ui/registry/features/onboarding.ts","sourceComponent":"ONBOARDING","sourceLine":320}
[2026-06-20T01:09:00.503Z] [COMPONENT_MOVED] Component moved for UI_ONBOARDING_BUSINESS_DETAILS_BUSINESS_NAME_PLACEHOLDER (58ec8401-febf-59b6-85b8-c0a3111d1250): unknown@unknown:0 -> ONBOARDING@/src/platform/ui/registry/features/onboarding.ts:331
  BEFORE: {"sourceFile":"unknown","sourceComponent":"unknown","sourceLine":0}
  AFTER:  {"sourceFile":"/src/platform/ui/registry/features/onboarding.ts","sourceComponent":"ONBOARDING","sourceLine":331}
[2026-06-20T01:09:00.503Z] [COMPONENT_MOVED] Component moved for UI_ONBOARDING_BUSINESS_DETAILS_BUSINESS_TYPE (bb4ea648-0994-5207-9042-04ce27aaa5f5): unknown@unknown:0 -> ONBOARDING@/src/platform/ui/registry/features/onboarding.ts:342
  BEFORE: {"sourceFile":"unknown","sourceComponent":"unknown","sourceLine":0}
  AFTER:  {"sourceFile":"/src/platform/ui/registry/features/onboarding.ts","sourceComponent":"ONBOARDING","sourceLine":342}
[2026-06-20T01:09:00.503Z] [COMPONENT_MOVED] Component moved for UI_ONBOARDING_BUSINESS_DETAILS_BUSINESS_TYPE_PLACEHOLDER (97d04d0a-bc13-5b8d-8ffb-30e02538a63b): unknown@unknown:0 -> ONBOARDING@/src/platform/ui/registry/features/onboarding.ts:353
  BEFORE: {"sourceFile":"unknown","sourceComponent":"unknown","sourceLine":0}
  AFTER:  {"sourceFile":"/src/platform/ui/registry/features/onboarding.ts","sourceComponent":"ONBOARDING","sourceLine":353}
[2026-06-20T01:09:00.503Z] [COMPONENT_MOVED] Component moved for UI_ONBOARDING_BUSINESS_DETAILS_TYPE_SOLE_PROPRIETORSHIP (a64f817a-be3e-512f-98e9-ebacd18f69c9): unknown@unknown:0 -> ONBOARDING@/src/platform/ui/registry/features/onboarding.ts:364
  BEFORE: {"sourceFile":"unknown","sourceComponent":"unknown","sourceLine":0}
  AFTER:  {"sourceFile":"/src/platform/ui/registry/features/onboarding.ts","sourceComponent":"ONBOARDING","sourceLine":364}
[2026-06-20T01:09:00.503Z] [COMPONENT_MOVED] Component moved for UI_ONBOARDING_BUSINESS_DETAILS_TYPE_LLC (9a026393-878b-58f2-a79b-bb75353faa74): unknown@unknown:0 -> ONBOARDING@/src/platform/ui/registry/features/onboarding.ts:375
  BEFORE: {"sourceFile":"unknown","sourceComponent":"unknown","sourceLine":0}
  AFTER:  {"sourceFile":"/src/platform/ui/registry/features/onboarding.ts","sourceComponent":"ONBOARDING","sourceLine":375}
[2026-06-20T01:09:00.503Z] [COMPONENT_MOVED] Component moved for UI_ONBOARDING_BUSINESS_DETAILS_TYPE_CORPORATION (e96da820-1809-5c49-ac36-d3e2a602f35b): unknown@unknown:0 -> ONBOARDING@/src/platform/ui/registry/features/onboarding.ts:386
  BEFORE: {"sourceFile":"unknown","sourceComponent":"unknown","sourceLine":0}
  AFTER:  {"sourceFile":"/src/platform/ui/registry/features/onboarding.ts","sourceComponent":"ONBOARDING","sourceLine":386}
[2026-06-20T01:09:00.503Z] [COMPONENT_MOVED] Component moved for UI_ONBOARDING_BUSINESS_DETAILS_TYPE_PARTNERSHIP (915e8a66-d98e-5bb3-98a8-d8bcb7481919): unknown@unknown:0 -> ONBOARDING@/src/platform/ui/registry/features/onboarding.ts:397
  BEFORE: {"sourceFile":"unknown","sourceComponent":"unknown","sourceLine":0}
  AFTER:  {"sourceFile":"/src/platform/ui/registry/features/onboarding.ts","sourceComponent":"ONBOARDING","sourceLine":397}
[2026-06-20T01:09:00.503Z] [COMPONENT_MOVED] Component moved for UI_ONBOARDING_BUSINESS_DETAILS_TYPE_OTHER (9e259cd0-4962-5e35-9114-5b0ee3fb6f9b): unknown@unknown:0 -> ONBOARDING@/src/platform/ui/registry/features/onboarding.ts:408
  BEFORE: {"sourceFile":"unknown","sourceComponent":"unknown","sourceLine":0}
  AFTER:  {"sourceFile":"/src/platform/ui/registry/features/onboarding.ts","sourceComponent":"ONBOARDING","sourceLine":408}
[2026-06-20T01:09:00.503Z] [COMPONENT_MOVED] Component moved for UI_ONBOARDING_BUSINESS_DETAILS_REGISTRATION_NUMBER (fd83ca5c-e2e0-5687-96a9-fb42db0af1a5): unknown@unknown:0 -> ONBOARDING@/src/platform/ui/registry/features/onboarding.ts:419
  BEFORE: {"sourceFile":"unknown","sourceComponent":"unknown","sourceLine":0}
  AFTER:  {"sourceFile":"/src/platform/ui/registry/features/onboarding.ts","sourceComponent":"ONBOARDING","sourceLine":419}
[2026-06-20T01:09:00.503Z] [COMPONENT_MOVED] Component moved for UI_ONBOARDING_BUSINESS_DETAILS_REGISTRATION_NUMBER_PLACEHOLDER (438d9656-8b98-580d-b3c4-65fc4c9e440b): unknown@unknown:0 -> ONBOARDING@/src/platform/ui/registry/features/onboarding.ts:430
  BEFORE: {"sourceFile":"unknown","sourceComponent":"unknown","sourceLine":0}
  AFTER:  {"sourceFile":"/src/platform/ui/registry/features/onboarding.ts","sourceComponent":"ONBOARDING","sourceLine":430}
[2026-06-20T01:09:00.503Z] [COMPONENT_MOVED] Component moved for UI_ONBOARDING_BUSINESS_DETAILS_YEAR_FOUNDED (9f75fa76-ff4f-53df-9c44-e1644c7fa92d): unknown@unknown:0 -> ONBOARDING@/src/platform/ui/registry/features/onboarding.ts:441
  BEFORE: {"sourceFile":"unknown","sourceComponent":"unknown","sourceLine":0}
  AFTER:  {"sourceFile":"/src/platform/ui/registry/features/onboarding.ts","sourceComponent":"ONBOARDING","sourceLine":441}
[2026-06-20T01:09:00.503Z] [COMPONENT_MOVED] Component moved for UI_ONBOARDING_BUSINESS_DETAILS_YEAR_FOUNDED_PLACEHOLDER (b4e9cdf8-3ec2-5af5-ac6f-956e4e063843): unknown@unknown:0 -> ONBOARDING@/src/platform/ui/registry/features/onboarding.ts:452
  BEFORE: {"sourceFile":"unknown","sourceComponent":"unknown","sourceLine":0}
  AFTER:  {"sourceFile":"/src/platform/ui/registry/features/onboarding.ts","sourceComponent":"ONBOARDING","sourceLine":452}
[2026-06-20T01:09:00.503Z] [COMPONENT_MOVED] Component moved for UI_ONBOARDING_BUSINESS_DETAILS_EMPLOYEE_COUNT (88824435-2233-51fc-834a-d8fb79114d7a): unknown@unknown:0 -> ONBOARDING@/src/platform/ui/registry/features/onboarding.ts:463
  BEFORE: {"sourceFile":"unknown","sourceComponent":"unknown","sourceLine":0}
  AFTER:  {"sourceFile":"/src/platform/ui/registry/features/onboarding.ts","sourceComponent":"ONBOARDING","sourceLine":463}
[2026-06-20T01:09:00.503Z] [COMPONENT_MOVED] Component moved for UI_ONBOARDING_BUSINESS_DETAILS_EMPLOYEE_COUNT_PLACEHOLDER (74eb617b-2910-5d76-9a85-f8098280a2e4): unknown@unknown:0 -> ONBOARDING@/src/platform/ui/registry/features/onboarding.ts:474
  BEFORE: {"sourceFile":"unknown","sourceComponent":"unknown","sourceLine":0}
  AFTER:  {"sourceFile":"/src/platform/ui/registry/features/onboarding.ts","sourceComponent":"ONBOARDING","sourceLine":474}
[2026-06-20T01:09:00.503Z] [COMPONENT_MOVED] Component moved for UI_ONBOARDING_IDENTITY_VERIFICATION_TITLE (46b41724-bd53-5189-b5e3-44c26253fadf): unknown@unknown:0 -> ONBOARDING@/src/platform/ui/registry/features/onboarding.ts:487
  BEFORE: {"sourceFile":"unknown","sourceComponent":"unknown","sourceLine":0}
  AFTER:  {"sourceFile":"/src/platform/ui/registry/features/onboarding.ts","sourceComponent":"ONBOARDING","sourceLine":487}
[2026-06-20T01:09:00.503Z] [COMPONENT_MOVED] Component moved for UI_ONBOARDING_IDENTITY_VERIFICATION_DESCRIPTION (898aa574-8d2b-5269-97b1-f31e09a21e3b): unknown@unknown:0 -> ONBOARDING@/src/platform/ui/registry/features/onboarding.ts:498
  BEFORE: {"sourceFile":"unknown","sourceComponent":"unknown","sourceLine":0}
  AFTER:  {"sourceFile":"/src/platform/ui/registry/features/onboarding.ts","sourceComponent":"ONBOARDING","sourceLine":498}
[2026-06-20T01:09:00.503Z] [COMPONENT_MOVED] Component moved for UI_ONBOARDING_IDENTITY_VERIFICATION_FIRST_NAME (f8964d76-d57c-55c1-a5f2-bfac37b58cff): unknown@unknown:0 -> ONBOARDING@/src/platform/ui/registry/features/onboarding.ts:509
  BEFORE: {"sourceFile":"unknown","sourceComponent":"unknown","sourceLine":0}
  AFTER:  {"sourceFile":"/src/platform/ui/registry/features/onboarding.ts","sourceComponent":"ONBOARDING","sourceLine":509}
[2026-06-20T01:09:00.503Z] [COMPONENT_MOVED] Component moved for UI_ONBOARDING_IDENTITY_VERIFICATION_LAST_NAME (cdbd8bb0-aab4-5d59-a469-772a93946eab): unknown@unknown:0 -> ONBOARDING@/src/platform/ui/registry/features/onboarding.ts:520
  BEFORE: {"sourceFile":"unknown","sourceComponent":"unknown","sourceLine":0}
  AFTER:  {"sourceFile":"/src/platform/ui/registry/features/onboarding.ts","sourceComponent":"ONBOARDING","sourceLine":520}
[2026-06-20T01:09:00.503Z] [COMPONENT_MOVED] Component moved for UI_ONBOARDING_IDENTITY_VERIFICATION_DATE_OF_BIRTH (23e994b8-f2a2-597d-9b31-d286a1f51b2b): unknown@unknown:0 -> ONBOARDING@/src/platform/ui/registry/features/onboarding.ts:531
  BEFORE: {"sourceFile":"unknown","sourceComponent":"unknown","sourceLine":0}
  AFTER:  {"sourceFile":"/src/platform/ui/registry/features/onboarding.ts","sourceComponent":"ONBOARDING","sourceLine":531}
[2026-06-20T01:09:00.503Z] [COMPONENT_MOVED] Component moved for UI_ONBOARDING_IDENTITY_VERIFICATION_EMAIL (655df5ee-dbb3-5147-84a1-600c547035e5): unknown@unknown:0 -> ONBOARDING@/src/platform/ui/registry/features/onboarding.ts:542
  BEFORE: {"sourceFile":"unknown","sourceComponent":"unknown","sourceLine":0}
  AFTER:  {"sourceFile":"/src/platform/ui/registry/features/onboarding.ts","sourceComponent":"ONBOARDING","sourceLine":542}
[2026-06-20T01:09:00.503Z] [COMPONENT_MOVED] Component moved for UI_ONBOARDING_IDENTITY_VERIFICATION_PHONE (a56ec842-1bfa-512f-bb66-4db08a5850f5): unknown@unknown:0 -> ONBOARDING@/src/platform/ui/registry/features/onboarding.ts:553
  BEFORE: {"sourceFile":"unknown","sourceComponent":"unknown","sourceLine":0}
  AFTER:  {"sourceFile":"/src/platform/ui/registry/features/onboarding.ts","sourceComponent":"ONBOARDING","sourceLine":553}
[2026-06-20T01:09:00.503Z] [COMPONENT_MOVED] Component moved for UI_ONBOARDING_IDENTITY_VERIFICATION_ID_TYPE (ea08d878-3a33-5905-bc0f-a36228cf1667): unknown@unknown:0 -> ONBOARDING@/src/platform/ui/registry/features/onboarding.ts:564
  BEFORE: {"sourceFile":"unknown","sourceComponent":"unknown","sourceLine":0}
  AFTER:  {"sourceFile":"/src/platform/ui/registry/features/onboarding.ts","sourceComponent":"ONBOARDING","sourceLine":564}
[2026-06-20T01:09:00.503Z] [COMPONENT_MOVED] Component moved for UI_ONBOARDING_IDENTITY_VERIFICATION_ID_TYPE_PLACEHOLDER (88166d5a-2e23-536b-8303-cd9cfd000f6d): unknown@unknown:0 -> ONBOARDING@/src/platform/ui/registry/features/onboarding.ts:575
  BEFORE: {"sourceFile":"unknown","sourceComponent":"unknown","sourceLine":0}
  AFTER:  {"sourceFile":"/src/platform/ui/registry/features/onboarding.ts","sourceComponent":"ONBOARDING","sourceLine":575}
[2026-06-20T01:09:00.503Z] [COMPONENT_MOVED] Component moved for UI_ONBOARDING_IDENTITY_VERIFICATION_ID_TYPE_PASSPORT (27d04003-1cab-5048-9bdc-89e59431f6e2): unknown@unknown:0 -> ONBOARDING@/src/platform/ui/registry/features/onboarding.ts:586
  BEFORE: {"sourceFile":"unknown","sourceComponent":"unknown","sourceLine":0}
  AFTER:  {"sourceFile":"/src/platform/ui/registry/features/onboarding.ts","sourceComponent":"ONBOARDING","sourceLine":586}
[2026-06-20T01:09:00.503Z] [COMPONENT_MOVED] Component moved for UI_ONBOARDING_IDENTITY_VERIFICATION_ID_TYPE_DRIVER_LICENSE (ea152d03-a94d-57dc-9351-be094e11ddda): unknown@unknown:0 -> ONBOARDING@/src/platform/ui/registry/features/onboarding.ts:597
  BEFORE: {"sourceFile":"unknown","sourceComponent":"unknown","sourceLine":0}
  AFTER:  {"sourceFile":"/src/platform/ui/registry/features/onboarding.ts","sourceComponent":"ONBOARDING","sourceLine":597}
[2026-06-20T01:09:00.503Z] [COMPONENT_MOVED] Component moved for UI_ONBOARDING_IDENTITY_VERIFICATION_ID_TYPE_NATIONAL_ID (2cd408e5-e9d9-5f40-a95d-3e0b02be5e9e): unknown@unknown:0 -> ONBOARDING@/src/platform/ui/registry/features/onboarding.ts:608
  BEFORE: {"sourceFile":"unknown","sourceComponent":"unknown","sourceLine":0}
  AFTER:  {"sourceFile":"/src/platform/ui/registry/features/onboarding.ts","sourceComponent":"ONBOARDING","sourceLine":608}
[2026-06-20T01:09:00.503Z] [COMPONENT_MOVED] Component moved for UI_ONBOARDING_IDENTITY_VERIFICATION_ID_NUMBER (b1431a81-3ff5-5248-af6b-167f6242d9de): unknown@unknown:0 -> ONBOARDING@/src/platform/ui/registry/features/onboarding.ts:619
  BEFORE: {"sourceFile":"unknown","sourceComponent":"unknown","sourceLine":0}
  AFTER:  {"sourceFile":"/src/platform/ui/registry/features/onboarding.ts","sourceComponent":"ONBOARDING","sourceLine":619}
[2026-06-20T01:09:00.503Z] [COMPONENT_MOVED] Component moved for UI_ONBOARDING_IDENTITY_VERIFICATION_UPLOAD_ID (99758225-0e2e-599c-b9e5-7a83cfc3a312): unknown@unknown:0 -> ONBOARDING@/src/platform/ui/registry/features/onboarding.ts:630
  BEFORE: {"sourceFile":"unknown","sourceComponent":"unknown","sourceLine":0}
  AFTER:  {"sourceFile":"/src/platform/ui/registry/features/onboarding.ts","sourceComponent":"ONBOARDING","sourceLine":630}
[2026-06-20T01:09:00.503Z] [COMPONENT_MOVED] Component moved for UI_ONBOARDING_IDENTITY_VERIFICATION_UPLOAD_ID_SUBTITLE (4564ae1a-1ce5-5dc5-b9fb-da60915ef57b): unknown@unknown:0 -> ONBOARDING@/src/platform/ui/registry/features/onboarding.ts:641
  BEFORE: {"sourceFile":"unknown","sourceComponent":"unknown","sourceLine":0}
  AFTER:  {"sourceFile":"/src/platform/ui/registry/features/onboarding.ts","sourceComponent":"ONBOARDING","sourceLine":641}
[2026-06-20T01:09:00.503Z] [COMPONENT_MOVED] Component moved for UI_ONBOARDING_IDENTITY_VERIFICATION_CHOOSE_FILE (6cfb0492-8ea3-5c4b-afc0-3458b8eab139): unknown@unknown:0 -> ONBOARDING@/src/platform/ui/registry/features/onboarding.ts:652
  BEFORE: {"sourceFile":"unknown","sourceComponent":"unknown","sourceLine":0}
  AFTER:  {"sourceFile":"/src/platform/ui/registry/features/onboarding.ts","sourceComponent":"ONBOARDING","sourceLine":652}
[2026-06-20T01:09:00.503Z] [COMPONENT_MOVED] Component moved for UI_ONBOARDING_PRODUCTS_TITLE (32ccb4aa-2bf1-5075-950d-da5c2cfc7eff): unknown@unknown:0 -> ONBOARDING@/src/platform/ui/registry/features/onboarding.ts:665
  BEFORE: {"sourceFile":"unknown","sourceComponent":"unknown","sourceLine":0}
  AFTER:  {"sourceFile":"/src/platform/ui/registry/features/onboarding.ts","sourceComponent":"ONBOARDING","sourceLine":665}
[2026-06-20T01:09:00.503Z] [COMPONENT_MOVED] Component moved for UI_ONBOARDING_PRODUCTS_DESCRIPTION (a06bc006-ed94-53cd-8e91-feec325512db): unknown@unknown:0 -> ONBOARDING@/src/platform/ui/registry/features/onboarding.ts:676
  BEFORE: {"sourceFile":"unknown","sourceComponent":"unknown","sourceLine":0}
  AFTER:  {"sourceFile":"/src/platform/ui/registry/features/onboarding.ts","sourceComponent":"ONBOARDING","sourceLine":676}
[2026-06-20T01:09:00.503Z] [COMPONENT_MOVED] Component moved for UI_ONBOARDING_PRODUCTS_DIGITAL_PRODUCTS (e8d2f469-1261-592c-b6af-96c7ff42e82a): unknown@unknown:0 -> ONBOARDING@/src/platform/ui/registry/features/onboarding.ts:687
  BEFORE: {"sourceFile":"unknown","sourceComponent":"unknown","sourceLine":0}
  AFTER:  {"sourceFile":"/src/platform/ui/registry/features/onboarding.ts","sourceComponent":"ONBOARDING","sourceLine":687}
[2026-06-20T01:09:00.503Z] [COMPONENT_MOVED] Component moved for UI_ONBOARDING_PRODUCTS_DIGITAL_PRODUCTS_SUBTITLE (e51bfeb6-b087-5915-b636-888c506e7533): unknown@unknown:0 -> ONBOARDING@/src/platform/ui/registry/features/onboarding.ts:698
  BEFORE: {"sourceFile":"unknown","sourceComponent":"unknown","sourceLine":0}
  AFTER:  {"sourceFile":"/src/platform/ui/registry/features/onboarding.ts","sourceComponent":"ONBOARDING","sourceLine":698}
[2026-06-20T01:09:00.503Z] [COMPONENT_MOVED] Component moved for UI_ONBOARDING_PRODUCTS_PHYSICAL_PRODUCTS (396c7966-f3b1-5331-8f14-f5dc6fb2dccf): unknown@unknown:0 -> ONBOARDING@/src/platform/ui/registry/features/onboarding.ts:709
  BEFORE: {"sourceFile":"unknown","sourceComponent":"unknown","sourceLine":0}
  AFTER:  {"sourceFile":"/src/platform/ui/registry/features/onboarding.ts","sourceComponent":"ONBOARDING","sourceLine":709}
[2026-06-20T01:09:00.503Z] [COMPONENT_MOVED] Component moved for UI_ONBOARDING_PRODUCTS_PHYSICAL_PRODUCTS_SUBTITLE (bcbe7a87-aea2-5bbe-b975-f8057c0cb154): unknown@unknown:0 -> ONBOARDING@/src/platform/ui/registry/features/onboarding.ts:720
  BEFORE: {"sourceFile":"unknown","sourceComponent":"unknown","sourceLine":0}
  AFTER:  {"sourceFile":"/src/platform/ui/registry/features/onboarding.ts","sourceComponent":"ONBOARDING","sourceLine":720}
[2026-06-20T01:09:00.503Z] [COMPONENT_MOVED] Component moved for UI_ONBOARDING_PRODUCTS_PRODUCT_CATALOG (19f1c42b-f289-5328-9b93-44b12de3d496): unknown@unknown:0 -> ONBOARDING@/src/platform/ui/registry/features/onboarding.ts:731
  BEFORE: {"sourceFile":"unknown","sourceComponent":"unknown","sourceLine":0}
  AFTER:  {"sourceFile":"/src/platform/ui/registry/features/onboarding.ts","sourceComponent":"ONBOARDING","sourceLine":731}
[2026-06-20T01:09:00.503Z] [COMPONENT_MOVED] Component moved for UI_ONBOARDING_PRODUCTS_ADD_PRODUCTS_LATER (45f0124d-6d01-5d00-8d8a-6dd795dc0fea): unknown@unknown:0 -> ONBOARDING@/src/platform/ui/registry/features/onboarding.ts:742
  BEFORE: {"sourceFile":"unknown","sourceComponent":"unknown","sourceLine":0}
  AFTER:  {"sourceFile":"/src/platform/ui/registry/features/onboarding.ts","sourceComponent":"ONBOARDING","sourceLine":742}
[2026-06-20T01:09:00.503Z] [COMPONENT_MOVED] Component moved for UI_ONBOARDING_SHIPPING_TITLE (6d2e6ed0-585b-58c7-be66-d57e550b97c5): unknown@unknown:0 -> ONBOARDING@/src/platform/ui/registry/features/onboarding.ts:755
  BEFORE: {"sourceFile":"unknown","sourceComponent":"unknown","sourceLine":0}
  AFTER:  {"sourceFile":"/src/platform/ui/registry/features/onboarding.ts","sourceComponent":"ONBOARDING","sourceLine":755}
[2026-06-20T01:09:00.503Z] [COMPONENT_MOVED] Component moved for UI_ONBOARDING_SHIPPING_DESCRIPTION (02f562b8-7824-5203-8a2b-27d24c1b449d): unknown@unknown:0 -> ONBOARDING@/src/platform/ui/registry/features/onboarding.ts:766
  BEFORE: {"sourceFile":"unknown","sourceComponent":"unknown","sourceLine":0}
  AFTER:  {"sourceFile":"/src/platform/ui/registry/features/onboarding.ts","sourceComponent":"ONBOARDING","sourceLine":766}
[2026-06-20T01:09:00.503Z] [COMPONENT_MOVED] Component moved for UI_ONBOARDING_SHIPPING_COUNTRY (15be52d4-3982-528f-ae23-7ed2975fd50d): unknown@unknown:0 -> ONBOARDING@/src/platform/ui/registry/features/onboarding.ts:777
  BEFORE: {"sourceFile":"unknown","sourceComponent":"unknown","sourceLine":0}
  AFTER:  {"sourceFile":"/src/platform/ui/registry/features/onboarding.ts","sourceComponent":"ONBOARDING","sourceLine":777}
[2026-06-20T01:09:00.503Z] [COMPONENT_MOVED] Component moved for UI_ONBOARDING_SHIPPING_COUNTRY_PLACEHOLDER (cadc60fe-faa5-5d85-acf5-0c2cb798dd23): unknown@unknown:0 -> ONBOARDING@/src/platform/ui/registry/features/onboarding.ts:788
  BEFORE: {"sourceFile":"unknown","sourceComponent":"unknown","sourceLine":0}
  AFTER:  {"sourceFile":"/src/platform/ui/registry/features/onboarding.ts","sourceComponent":"ONBOARDING","sourceLine":788}
[2026-06-20T01:09:00.503Z] [COMPONENT_MOVED] Component moved for UI_ONBOARDING_SHIPPING_CITY (d725be01-ab31-5be0-899f-d0e7fe185cde): unknown@unknown:0 -> ONBOARDING@/src/platform/ui/registry/features/onboarding.ts:799
  BEFORE: {"sourceFile":"unknown","sourceComponent":"unknown","sourceLine":0}
  AFTER:  {"sourceFile":"/src/platform/ui/registry/features/onboarding.ts","sourceComponent":"ONBOARDING","sourceLine":799}
[2026-06-20T01:09:00.503Z] [COMPONENT_MOVED] Component moved for UI_ONBOARDING_SHIPPING_CITY_PLACEHOLDER (c942e7cf-f404-5772-948b-c1edb246a7d0): unknown@unknown:0 -> ONBOARDING@/src/platform/ui/registry/features/onboarding.ts:810
  BEFORE: {"sourceFile":"unknown","sourceComponent":"unknown","sourceLine":0}
  AFTER:  {"sourceFile":"/src/platform/ui/registry/features/onboarding.ts","sourceComponent":"ONBOARDING","sourceLine":810}
[2026-06-20T01:09:00.503Z] [COMPONENT_MOVED] Component moved for UI_ONBOARDING_SHIPPING_POSTAL_CODE (11e5a253-8cd1-5248-a2af-eb75d94ed6b2): unknown@unknown:0 -> ONBOARDING@/src/platform/ui/registry/features/onboarding.ts:821
  BEFORE: {"sourceFile":"unknown","sourceComponent":"unknown","sourceLine":0}
  AFTER:  {"sourceFile":"/src/platform/ui/registry/features/onboarding.ts","sourceComponent":"ONBOARDING","sourceLine":821}
[2026-06-20T01:09:00.503Z] [COMPONENT_MOVED] Component moved for UI_ONBOARDING_SHIPPING_POSTAL_CODE_PLACEHOLDER (eaca5411-ed13-590a-81a2-f3bb0788770c): unknown@unknown:0 -> ONBOARDING@/src/platform/ui/registry/features/onboarding.ts:832
  BEFORE: {"sourceFile":"unknown","sourceComponent":"unknown","sourceLine":0}
  AFTER:  {"sourceFile":"/src/platform/ui/registry/features/onboarding.ts","sourceComponent":"ONBOARDING","sourceLine":832}
[2026-06-20T01:09:00.503Z] [COMPONENT_MOVED] Component moved for UI_ONBOARDING_SHIPPING_ADDRESS (2466fcae-a0a4-566d-a174-8a487c364e17): unknown@unknown:0 -> ONBOARDING@/src/platform/ui/registry/features/onboarding.ts:843
  BEFORE: {"sourceFile":"unknown","sourceComponent":"unknown","sourceLine":0}
  AFTER:  {"sourceFile":"/src/platform/ui/registry/features/onboarding.ts","sourceComponent":"ONBOARDING","sourceLine":843}
[2026-06-20T01:09:00.503Z] [COMPONENT_MOVED] Component moved for UI_ONBOARDING_SHIPPING_ADDRESS_PLACEHOLDER (2d69b1c0-b344-5c83-a8d0-f10a514b7d3d): unknown@unknown:0 -> ONBOARDING@/src/platform/ui/registry/features/onboarding.ts:854
  BEFORE: {"sourceFile":"unknown","sourceComponent":"unknown","sourceLine":0}
  AFTER:  {"sourceFile":"/src/platform/ui/registry/features/onboarding.ts","sourceComponent":"ONBOARDING","sourceLine":854}
[2026-06-20T01:09:00.503Z] [COMPONENT_MOVED] Component moved for UI_ONBOARDING_SHIPPING_OFFER_FREE_SHIPPING (33092ff6-1fa7-5381-8808-314021034a33): unknown@unknown:0 -> ONBOARDING@/src/platform/ui/registry/features/onboarding.ts:865
  BEFORE: {"sourceFile":"unknown","sourceComponent":"unknown","sourceLine":0}
  AFTER:  {"sourceFile":"/src/platform/ui/registry/features/onboarding.ts","sourceComponent":"ONBOARDING","sourceLine":865}
[2026-06-20T01:09:00.503Z] [COMPONENT_MOVED] Component moved for UI_ONBOARDING_PAYMENTS_TITLE (58000435-804c-5966-87d2-ba8739e65ca0): unknown@unknown:0 -> ONBOARDING@/src/platform/ui/registry/features/onboarding.ts:878
  BEFORE: {"sourceFile":"unknown","sourceComponent":"unknown","sourceLine":0}
  AFTER:  {"sourceFile":"/src/platform/ui/registry/features/onboarding.ts","sourceComponent":"ONBOARDING","sourceLine":878}
[2026-06-20T01:09:00.503Z] [COMPONENT_MOVED] Component moved for UI_ONBOARDING_PAYMENTS_DESCRIPTION (d32f408d-6854-5fda-8fcb-c8c3599c4888): unknown@unknown:0 -> ONBOARDING@/src/platform/ui/registry/features/onboarding.ts:889
  BEFORE: {"sourceFile":"unknown","sourceComponent":"unknown","sourceLine":0}
  AFTER:  {"sourceFile":"/src/platform/ui/registry/features/onboarding.ts","sourceComponent":"ONBOARDING","sourceLine":889}
[2026-06-20T01:09:00.503Z] [COMPONENT_MOVED] Component moved for UI_ONBOARDING_PAYMENTS_PAYMENT_METHODS (90d2d1f8-3014-5e83-a62f-21528b692df5): unknown@unknown:0 -> ONBOARDING@/src/platform/ui/registry/features/onboarding.ts:900
  BEFORE: {"sourceFile":"unknown","sourceComponent":"unknown","sourceLine":0}
  AFTER:  {"sourceFile":"/src/platform/ui/registry/features/onboarding.ts","sourceComponent":"ONBOARDING","sourceLine":900}
[2026-06-20T01:09:00.503Z] [COMPONENT_MOVED] Component moved for UI_ONBOARDING_PAYMENTS_PAYMENT_METHOD_CREDIT_CARD (787c89e8-b362-5a5d-856c-902afa95c8af): unknown@unknown:0 -> ONBOARDING@/src/platform/ui/registry/features/onboarding.ts:911
  BEFORE: {"sourceFile":"unknown","sourceComponent":"unknown","sourceLine":0}
  AFTER:  {"sourceFile":"/src/platform/ui/registry/features/onboarding.ts","sourceComponent":"ONBOARDING","sourceLine":911}
[2026-06-20T01:09:00.503Z] [COMPONENT_MOVED] Component moved for UI_ONBOARDING_PAYMENTS_PAYMENT_METHOD_DEBIT_CARD (d5a88c01-891f-529e-ac75-7cbbe2c1f3e8): unknown@unknown:0 -> ONBOARDING@/src/platform/ui/registry/features/onboarding.ts:922
  BEFORE: {"sourceFile":"unknown","sourceComponent":"unknown","sourceLine":0}
  AFTER:  {"sourceFile":"/src/platform/ui/registry/features/onboarding.ts","sourceComponent":"ONBOARDING","sourceLine":922}
[2026-06-20T01:09:00.503Z] [COMPONENT_MOVED] Component moved for UI_ONBOARDING_PAYMENTS_PAYMENT_METHOD_PAYPAL (7165ef7b-3065-57a8-b387-e7b5ce78b95a): unknown@unknown:0 -> ONBOARDING@/src/platform/ui/registry/features/onboarding.ts:933
  BEFORE: {"sourceFile":"unknown","sourceComponent":"unknown","sourceLine":0}
  AFTER:  {"sourceFile":"/src/platform/ui/registry/features/onboarding.ts","sourceComponent":"ONBOARDING","sourceLine":933}
[2026-06-20T01:09:00.503Z] [COMPONENT_MOVED] Component moved for UI_ONBOARDING_PAYMENTS_PAYMENT_METHOD_BANK_TRANSFER (fc7cb50c-4d6f-5755-8096-0276211b1fcf): unknown@unknown:0 -> ONBOARDING@/src/platform/ui/registry/features/onboarding.ts:944
  BEFORE: {"sourceFile":"unknown","sourceComponent":"unknown","sourceLine":0}
  AFTER:  {"sourceFile":"/src/platform/ui/registry/features/onboarding.ts","sourceComponent":"ONBOARDING","sourceLine":944}
[2026-06-20T01:09:00.503Z] [COMPONENT_MOVED] Component moved for UI_ONBOARDING_PAYMENTS_CURRENCY (a9a539f2-39cf-5b3b-9c30-2b044f301f2d): unknown@unknown:0 -> ONBOARDING@/src/platform/ui/registry/features/onboarding.ts:955
  BEFORE: {"sourceFile":"unknown","sourceComponent":"unknown","sourceLine":0}
  AFTER:  {"sourceFile":"/src/platform/ui/registry/features/onboarding.ts","sourceComponent":"ONBOARDING","sourceLine":955}
[2026-06-20T01:09:00.503Z] [COMPONENT_MOVED] Component moved for UI_ONBOARDING_PAYMENTS_CURRENCY_USD (fb110471-01dd-5534-9c35-853bbf34064e): unknown@unknown:0 -> ONBOARDING@/src/platform/ui/registry/features/onboarding.ts:966
  BEFORE: {"sourceFile":"unknown","sourceComponent":"unknown","sourceLine":0}
  AFTER:  {"sourceFile":"/src/platform/ui/registry/features/onboarding.ts","sourceComponent":"ONBOARDING","sourceLine":966}
[2026-06-20T01:09:00.503Z] [COMPONENT_MOVED] Component moved for UI_ONBOARDING_PAYMENTS_CURRENCY_EUR (d1eab2f1-21cf-5ff8-bc0a-a92b2eb70232): unknown@unknown:0 -> ONBOARDING@/src/platform/ui/registry/features/onboarding.ts:977
  BEFORE: {"sourceFile":"unknown","sourceComponent":"unknown","sourceLine":0}
  AFTER:  {"sourceFile":"/src/platform/ui/registry/features/onboarding.ts","sourceComponent":"ONBOARDING","sourceLine":977}
[2026-06-20T01:09:00.503Z] [COMPONENT_MOVED] Component moved for UI_ONBOARDING_PAYMENTS_CURRENCY_GBP (f18dbed2-bb74-549b-81b3-b04091f2c259): unknown@unknown:0 -> ONBOARDING@/src/platform/ui/registry/features/onboarding.ts:988
  BEFORE: {"sourceFile":"unknown","sourceComponent":"unknown","sourceLine":0}
  AFTER:  {"sourceFile":"/src/platform/ui/registry/features/onboarding.ts","sourceComponent":"ONBOARDING","sourceLine":988}
[2026-06-20T01:09:00.503Z] [COMPONENT_MOVED] Component moved for UI_ONBOARDING_PAYMENTS_CURRENCY_CAD (51e9b979-afc9-5510-855d-99b346522b6a): unknown@unknown:0 -> ONBOARDING@/src/platform/ui/registry/features/onboarding.ts:999
  BEFORE: {"sourceFile":"unknown","sourceComponent":"unknown","sourceLine":0}
  AFTER:  {"sourceFile":"/src/platform/ui/registry/features/onboarding.ts","sourceComponent":"ONBOARDING","sourceLine":999}
[2026-06-20T01:09:00.503Z] [COMPONENT_MOVED] Component moved for UI_ONBOARDING_PAYMENTS_CURRENCY_AUD (49251b43-b9cb-57c6-bfc0-f9d1cd2b364c): unknown@unknown:0 -> ONBOARDING@/src/platform/ui/registry/features/onboarding.ts:1010
  BEFORE: {"sourceFile":"unknown","sourceComponent":"unknown","sourceLine":0}
  AFTER:  {"sourceFile":"/src/platform/ui/registry/features/onboarding.ts","sourceComponent":"ONBOARDING","sourceLine":1010}
[2026-06-20T01:09:00.503Z] [COMPONENT_MOVED] Component moved for UI_ONBOARDING_POLICIES_TITLE (762f16e4-1138-579f-9f8e-83c27fdf96dd): unknown@unknown:0 -> ONBOARDING@/src/platform/ui/registry/features/onboarding.ts:1023
  BEFORE: {"sourceFile":"unknown","sourceComponent":"unknown","sourceLine":0}
  AFTER:  {"sourceFile":"/src/platform/ui/registry/features/onboarding.ts","sourceComponent":"ONBOARDING","sourceLine":1023}
[2026-06-20T01:09:00.503Z] [COMPONENT_MOVED] Component moved for UI_ONBOARDING_POLICIES_DESCRIPTION (eb2a3834-c69d-5dfb-840b-3a1e3ca0d3f5): unknown@unknown:0 -> ONBOARDING@/src/platform/ui/registry/features/onboarding.ts:1034
  BEFORE: {"sourceFile":"unknown","sourceComponent":"unknown","sourceLine":0}
  AFTER:  {"sourceFile":"/src/platform/ui/registry/features/onboarding.ts","sourceComponent":"ONBOARDING","sourceLine":1034}
[2026-06-20T01:09:00.503Z] [COMPONENT_MOVED] Component moved for UI_ONBOARDING_POLICIES_RETURN_POLICY (cf35f363-403d-55b0-9521-aa21ab61b7f6): unknown@unknown:0 -> ONBOARDING@/src/platform/ui/registry/features/onboarding.ts:1045
  BEFORE: {"sourceFile":"unknown","sourceComponent":"unknown","sourceLine":0}
  AFTER:  {"sourceFile":"/src/platform/ui/registry/features/onboarding.ts","sourceComponent":"ONBOARDING","sourceLine":1045}
[2026-06-20T01:09:00.503Z] [COMPONENT_MOVED] Component moved for UI_ONBOARDING_POLICIES_RETURN_POLICY_PLACEHOLDER (2362c7c1-5a14-53a2-ac06-95ef41f11378): unknown@unknown:0 -> ONBOARDING@/src/platform/ui/registry/features/onboarding.ts:1056
  BEFORE: {"sourceFile":"unknown","sourceComponent":"unknown","sourceLine":0}
  AFTER:  {"sourceFile":"/src/platform/ui/registry/features/onboarding.ts","sourceComponent":"ONBOARDING","sourceLine":1056}
[2026-06-20T01:09:00.503Z] [COMPONENT_MOVED] Component moved for UI_ONBOARDING_POLICIES_REFUND_POLICY (4f28d3ef-3f00-52d8-81dd-5455cebdaa8e): unknown@unknown:0 -> ONBOARDING@/src/platform/ui/registry/features/onboarding.ts:1067
  BEFORE: {"sourceFile":"unknown","sourceComponent":"unknown","sourceLine":0}
  AFTER:  {"sourceFile":"/src/platform/ui/registry/features/onboarding.ts","sourceComponent":"ONBOARDING","sourceLine":1067}
[2026-06-20T01:09:00.503Z] [COMPONENT_MOVED] Component moved for UI_ONBOARDING_POLICIES_REFUND_POLICY_PLACEHOLDER (0c9f31e5-9bb0-5aba-94d9-f51b63d7b1a0): unknown@unknown:0 -> ONBOARDING@/src/platform/ui/registry/features/onboarding.ts:1078
  BEFORE: {"sourceFile":"unknown","sourceComponent":"unknown","sourceLine":0}
  AFTER:  {"sourceFile":"/src/platform/ui/registry/features/onboarding.ts","sourceComponent":"ONBOARDING","sourceLine":1078}
[2026-06-20T01:09:00.503Z] [COMPONENT_MOVED] Component moved for UI_ONBOARDING_POLICIES_PRIVACY_POLICY (884c2151-074e-5c8c-8ceb-242b8fb4e27e): unknown@unknown:0 -> ONBOARDING@/src/platform/ui/registry/features/onboarding.ts:1089
  BEFORE: {"sourceFile":"unknown","sourceComponent":"unknown","sourceLine":0}
  AFTER:  {"sourceFile":"/src/platform/ui/registry/features/onboarding.ts","sourceComponent":"ONBOARDING","sourceLine":1089}
[2026-06-20T01:09:00.503Z] [COMPONENT_MOVED] Component moved for UI_ONBOARDING_POLICIES_PRIVACY_POLICY_PLACEHOLDER (6829767f-498c-5ba6-94b9-5599fd4017f0): unknown@unknown:0 -> ONBOARDING@/src/platform/ui/registry/features/onboarding.ts:1100
  BEFORE: {"sourceFile":"unknown","sourceComponent":"unknown","sourceLine":0}
  AFTER:  {"sourceFile":"/src/platform/ui/registry/features/onboarding.ts","sourceComponent":"ONBOARDING","sourceLine":1100}
[2026-06-20T01:09:00.503Z] [COMPONENT_MOVED] Component moved for UI_ONBOARDING_POLICIES_TERMS_OF_SERVICE (208c242f-730a-548a-8538-5a99bff40474): unknown@unknown:0 -> ONBOARDING@/src/platform/ui/registry/features/onboarding.ts:1111
  BEFORE: {"sourceFile":"unknown","sourceComponent":"unknown","sourceLine":0}
  AFTER:  {"sourceFile":"/src/platform/ui/registry/features/onboarding.ts","sourceComponent":"ONBOARDING","sourceLine":1111}
[2026-06-20T01:09:00.503Z] [COMPONENT_MOVED] Component moved for UI_ONBOARDING_POLICIES_TERMS_OF_SERVICE_PLACEHOLDER (aa401425-913d-57d4-9094-c2b7ac1f0b9e): unknown@unknown:0 -> ONBOARDING@/src/platform/ui/registry/features/onboarding.ts:1122
  BEFORE: {"sourceFile":"unknown","sourceComponent":"unknown","sourceLine":0}
  AFTER:  {"sourceFile":"/src/platform/ui/registry/features/onboarding.ts","sourceComponent":"ONBOARDING","sourceLine":1122}
[2026-06-20T01:09:00.503Z] [COMPONENT_MOVED] Component moved for UI_ONBOARDING_BRANDING_TITLE (e1df822d-5de4-5d5a-8230-c3638318c148): unknown@unknown:0 -> ONBOARDING@/src/platform/ui/registry/features/onboarding.ts:1135
  BEFORE: {"sourceFile":"unknown","sourceComponent":"unknown","sourceLine":0}
  AFTER:  {"sourceFile":"/src/platform/ui/registry/features/onboarding.ts","sourceComponent":"ONBOARDING","sourceLine":1135}
[2026-06-20T01:09:00.503Z] [COMPONENT_MOVED] Component moved for UI_ONBOARDING_BRANDING_DESCRIPTION (ad7d66c5-567f-54b6-8bff-1fa793c9c970): unknown@unknown:0 -> ONBOARDING@/src/platform/ui/registry/features/onboarding.ts:1146
  BEFORE: {"sourceFile":"unknown","sourceComponent":"unknown","sourceLine":0}
  AFTER:  {"sourceFile":"/src/platform/ui/registry/features/onboarding.ts","sourceComponent":"ONBOARDING","sourceLine":1146}
[2026-06-20T01:09:00.503Z] [COMPONENT_MOVED] Component moved for UI_ONBOARDING_BRANDING_STORE_TAGLINE (b685eed7-a918-500c-8047-322dcc85087a): unknown@unknown:0 -> ONBOARDING@/src/platform/ui/registry/features/onboarding.ts:1157
  BEFORE: {"sourceFile":"unknown","sourceComponent":"unknown","sourceLine":0}
  AFTER:  {"sourceFile":"/src/platform/ui/registry/features/onboarding.ts","sourceComponent":"ONBOARDING","sourceLine":1157}
[2026-06-20T01:09:00.503Z] [COMPONENT_MOVED] Component moved for UI_ONBOARDING_BRANDING_STORE_TAGLINE_PLACEHOLDER (1d2d07fd-9ac5-5726-af27-714361776de4): unknown@unknown:0 -> ONBOARDING@/src/platform/ui/registry/features/onboarding.ts:1168
  BEFORE: {"sourceFile":"unknown","sourceComponent":"unknown","sourceLine":0}
  AFTER:  {"sourceFile":"/src/platform/ui/registry/features/onboarding.ts","sourceComponent":"ONBOARDING","sourceLine":1168}
[2026-06-20T01:09:00.503Z] [COMPONENT_MOVED] Component moved for UI_ONBOARDING_BRANDING_LOGO (00ca19f6-9e89-5903-98dd-66d4df119b51): unknown@unknown:0 -> ONBOARDING@/src/platform/ui/registry/features/onboarding.ts:1179
  BEFORE: {"sourceFile":"unknown","sourceComponent":"unknown","sourceLine":0}
  AFTER:  {"sourceFile":"/src/platform/ui/registry/features/onboarding.ts","sourceComponent":"ONBOARDING","sourceLine":1179}
[2026-06-20T01:09:00.503Z] [COMPONENT_MOVED] Component moved for UI_ONBOARDING_BRANDING_LOGO_SUBTITLE (8855efd7-583a-5de0-b584-6a1d346b111e): unknown@unknown:0 -> ONBOARDING@/src/platform/ui/registry/features/onboarding.ts:1190
  BEFORE: {"sourceFile":"unknown","sourceComponent":"unknown","sourceLine":0}
  AFTER:  {"sourceFile":"/src/platform/ui/registry/features/onboarding.ts","sourceComponent":"ONBOARDING","sourceLine":1190}
[2026-06-20T01:09:00.503Z] [COMPONENT_MOVED] Component moved for UI_ONBOARDING_BRANDING_UPLOAD (142b2148-2c16-5efd-840a-b14676aad003): unknown@unknown:0 -> ONBOARDING@/src/platform/ui/registry/features/onboarding.ts:1201
  BEFORE: {"sourceFile":"unknown","sourceComponent":"unknown","sourceLine":0}
  AFTER:  {"sourceFile":"/src/platform/ui/registry/features/onboarding.ts","sourceComponent":"ONBOARDING","sourceLine":1201}
[2026-06-20T01:09:00.503Z] [COMPONENT_MOVED] Component moved for UI_ONBOARDING_BRANDING_PRIMARY_COLOR (65950dd1-f90d-5fce-a57e-2e0b5b91dae0): unknown@unknown:0 -> ONBOARDING@/src/platform/ui/registry/features/onboarding.ts:1212
  BEFORE: {"sourceFile":"unknown","sourceComponent":"unknown","sourceLine":0}
  AFTER:  {"sourceFile":"/src/platform/ui/registry/features/onboarding.ts","sourceComponent":"ONBOARDING","sourceLine":1212}
[2026-06-20T01:09:00.503Z] [COMPONENT_MOVED] Component moved for UI_ONBOARDING_BRANDING_PRIMARY_COLOR_SUBTITLE (2d10c09e-f691-546f-8a8a-c2a8106e0841): unknown@unknown:0 -> ONBOARDING@/src/platform/ui/registry/features/onboarding.ts:1223
  BEFORE: {"sourceFile":"unknown","sourceComponent":"unknown","sourceLine":0}
  AFTER:  {"sourceFile":"/src/platform/ui/registry/features/onboarding.ts","sourceComponent":"ONBOARDING","sourceLine":1223}
[2026-06-20T01:09:00.503Z] [COMPONENT_MOVED] Component moved for UI_ONBOARDING_PREFERENCES_TITLE (10301ad6-8429-5b7f-bd86-6044620871ed): unknown@unknown:0 -> ONBOARDING@/src/platform/ui/registry/features/onboarding.ts:1236
  BEFORE: {"sourceFile":"unknown","sourceComponent":"unknown","sourceLine":0}
  AFTER:  {"sourceFile":"/src/platform/ui/registry/features/onboarding.ts","sourceComponent":"ONBOARDING","sourceLine":1236}
[2026-06-20T01:09:00.503Z] [COMPONENT_MOVED] Component moved for UI_ONBOARDING_PREFERENCES_DESCRIPTION (afb09eca-3732-5b5b-bef6-17948aab1c85): unknown@unknown:0 -> ONBOARDING@/src/platform/ui/registry/features/onboarding.ts:1247
  BEFORE: {"sourceFile":"unknown","sourceComponent":"unknown","sourceLine":0}
  AFTER:  {"sourceFile":"/src/platform/ui/registry/features/onboarding.ts","sourceComponent":"ONBOARDING","sourceLine":1247}
[2026-06-20T01:09:00.503Z] [COMPONENT_MOVED] Component moved for UI_ONBOARDING_PREFERENCES_TIMEZONE (3f134193-e62f-5fa8-b84f-f9c98de95bce): unknown@unknown:0 -> ONBOARDING@/src/platform/ui/registry/features/onboarding.ts:1258
  BEFORE: {"sourceFile":"unknown","sourceComponent":"unknown","sourceLine":0}
  AFTER:  {"sourceFile":"/src/platform/ui/registry/features/onboarding.ts","sourceComponent":"ONBOARDING","sourceLine":1258}
[2026-06-20T01:09:00.503Z] [COMPONENT_MOVED] Component moved for UI_ONBOARDING_PREFERENCES_NOTIFICATIONS (e6dbca44-3828-5201-bf3b-2ad6e82747db): unknown@unknown:0 -> ONBOARDING@/src/platform/ui/registry/features/onboarding.ts:1269
  BEFORE: {"sourceFile":"unknown","sourceComponent":"unknown","sourceLine":0}
  AFTER:  {"sourceFile":"/src/platform/ui/registry/features/onboarding.ts","sourceComponent":"ONBOARDING","sourceLine":1269}
[2026-06-20T01:09:00.503Z] [COMPONENT_MOVED] Component moved for UI_ONBOARDING_PREFERENCES_NOTIFICATION_ORDER (7cb64318-d3a2-55c7-81fc-1412d3820e61): unknown@unknown:0 -> ONBOARDING@/src/platform/ui/registry/features/onboarding.ts:1280
  BEFORE: {"sourceFile":"unknown","sourceComponent":"unknown","sourceLine":0}
  AFTER:  {"sourceFile":"/src/platform/ui/registry/features/onboarding.ts","sourceComponent":"ONBOARDING","sourceLine":1280}
[2026-06-20T01:09:00.503Z] [COMPONENT_MOVED] Component moved for UI_ONBOARDING_PREFERENCES_NOTIFICATION_MARKETING (58d86aa0-71a2-539f-86c6-d51e3dcac6fd): unknown@unknown:0 -> ONBOARDING@/src/platform/ui/registry/features/onboarding.ts:1291
  BEFORE: {"sourceFile":"unknown","sourceComponent":"unknown","sourceLine":0}
  AFTER:  {"sourceFile":"/src/platform/ui/registry/features/onboarding.ts","sourceComponent":"ONBOARDING","sourceLine":1291}
[2026-06-20T01:09:00.503Z] [COMPONENT_MOVED] Component moved for UI_ONBOARDING_PREFERENCES_NOTIFICATION_SYSTEM (7cd02fa1-0b3a-560c-a92e-a2234ef39d6e): unknown@unknown:0 -> ONBOARDING@/src/platform/ui/registry/features/onboarding.ts:1302
  BEFORE: {"sourceFile":"unknown","sourceComponent":"unknown","sourceLine":0}
  AFTER:  {"sourceFile":"/src/platform/ui/registry/features/onboarding.ts","sourceComponent":"ONBOARDING","sourceLine":1302}
[2026-06-20T01:09:00.503Z] [COMPONENT_MOVED] Component moved for UI_ONBOARDING_PREFERENCES_NOTIFICATION_WEEKLY_REPORT (77e1c3be-e5ca-5f0d-a42d-e53c82563d2b): unknown@unknown:0 -> ONBOARDING@/src/platform/ui/registry/features/onboarding.ts:1313
  BEFORE: {"sourceFile":"unknown","sourceComponent":"unknown","sourceLine":0}
  AFTER:  {"sourceFile":"/src/platform/ui/registry/features/onboarding.ts","sourceComponent":"ONBOARDING","sourceLine":1313}
[2026-06-20T01:09:00.503Z] [COMPONENT_MOVED] Component moved for UI_ONBOARDING_PREFERENCES_TIMEZONE_ET (b98567a5-7732-55ec-8661-76e3c61293d2): unknown@unknown:0 -> ONBOARDING@/src/platform/ui/registry/features/onboarding.ts:1324
  BEFORE: {"sourceFile":"unknown","sourceComponent":"unknown","sourceLine":0}
  AFTER:  {"sourceFile":"/src/platform/ui/registry/features/onboarding.ts","sourceComponent":"ONBOARDING","sourceLine":1324}
[2026-06-20T01:09:00.503Z] [COMPONENT_MOVED] Component moved for UI_ONBOARDING_PREFERENCES_TIMEZONE_CT (b5946be3-7b41-56c2-8a52-72a58204b13c): unknown@unknown:0 -> ONBOARDING@/src/platform/ui/registry/features/onboarding.ts:1335
  BEFORE: {"sourceFile":"unknown","sourceComponent":"unknown","sourceLine":0}
  AFTER:  {"sourceFile":"/src/platform/ui/registry/features/onboarding.ts","sourceComponent":"ONBOARDING","sourceLine":1335}
[2026-06-20T01:09:00.503Z] [COMPONENT_MOVED] Component moved for UI_ONBOARDING_PREFERENCES_TIMEZONE_MT (8998a3cd-4745-5214-9675-17cb962762fa): unknown@unknown:0 -> ONBOARDING@/src/platform/ui/registry/features/onboarding.ts:1346
  BEFORE: {"sourceFile":"unknown","sourceComponent":"unknown","sourceLine":0}
  AFTER:  {"sourceFile":"/src/platform/ui/registry/features/onboarding.ts","sourceComponent":"ONBOARDING","sourceLine":1346}
[2026-06-20T01:09:00.503Z] [COMPONENT_MOVED] Component moved for UI_ONBOARDING_PREFERENCES_TIMEZONE_PT (83b470d8-4d16-5d51-887b-bd86d432fd87): unknown@unknown:0 -> ONBOARDING@/src/platform/ui/registry/features/onboarding.ts:1357
  BEFORE: {"sourceFile":"unknown","sourceComponent":"unknown","sourceLine":0}
  AFTER:  {"sourceFile":"/src/platform/ui/registry/features/onboarding.ts","sourceComponent":"ONBOARDING","sourceLine":1357}
[2026-06-20T01:09:00.503Z] [COMPONENT_MOVED] Component moved for UI_ONBOARDING_PREFERENCES_TIMEZONE_GMT (e4a32f78-e78f-59cf-a525-dd467d741945): unknown@unknown:0 -> ONBOARDING@/src/platform/ui/registry/features/onboarding.ts:1368
  BEFORE: {"sourceFile":"unknown","sourceComponent":"unknown","sourceLine":0}
  AFTER:  {"sourceFile":"/src/platform/ui/registry/features/onboarding.ts","sourceComponent":"ONBOARDING","sourceLine":1368}
[2026-06-20T01:09:00.503Z] [COMPONENT_MOVED] Component moved for UI_ONBOARDING_PREFERENCES_TIMEZONE_CET (897c399c-dc67-5ee3-b2ef-60a2db3e1a91): unknown@unknown:0 -> ONBOARDING@/src/platform/ui/registry/features/onboarding.ts:1379
  BEFORE: {"sourceFile":"unknown","sourceComponent":"unknown","sourceLine":0}
  AFTER:  {"sourceFile":"/src/platform/ui/registry/features/onboarding.ts","sourceComponent":"ONBOARDING","sourceLine":1379}
[2026-06-20T01:09:00.503Z] [COMPONENT_MOVED] Component moved for UI_ONBOARDING_TAX_INFO_TITLE (f40e4a2c-ee02-5ef3-83b0-be0edc778945): unknown@unknown:0 -> ONBOARDING@/src/platform/ui/registry/features/onboarding.ts:1392
  BEFORE: {"sourceFile":"unknown","sourceComponent":"unknown","sourceLine":0}
  AFTER:  {"sourceFile":"/src/platform/ui/registry/features/onboarding.ts","sourceComponent":"ONBOARDING","sourceLine":1392}
[2026-06-20T01:09:00.503Z] [COMPONENT_MOVED] Component moved for UI_ONBOARDING_TAX_INFO_DESCRIPTION (ac72aefc-a125-5777-8289-c462599baa1d): unknown@unknown:0 -> ONBOARDING@/src/platform/ui/registry/features/onboarding.ts:1403
  BEFORE: {"sourceFile":"unknown","sourceComponent":"unknown","sourceLine":0}
  AFTER:  {"sourceFile":"/src/platform/ui/registry/features/onboarding.ts","sourceComponent":"ONBOARDING","sourceLine":1403}
[2026-06-20T01:09:00.503Z] [COMPONENT_MOVED] Component moved for UI_ONBOARDING_TAX_INFO_TAX_ID (4369ee71-2e52-524c-b51b-37439a95e39e): unknown@unknown:0 -> ONBOARDING@/src/platform/ui/registry/features/onboarding.ts:1414
  BEFORE: {"sourceFile":"unknown","sourceComponent":"unknown","sourceLine":0}
  AFTER:  {"sourceFile":"/src/platform/ui/registry/features/onboarding.ts","sourceComponent":"ONBOARDING","sourceLine":1414}
[2026-06-20T01:09:00.503Z] [COMPONENT_MOVED] Component moved for UI_ONBOARDING_TAX_INFO_TAX_ID_PLACEHOLDER (4eaaeb1f-b3e8-5c66-acec-caa1599bef90): unknown@unknown:0 -> ONBOARDING@/src/platform/ui/registry/features/onboarding.ts:1425
  BEFORE: {"sourceFile":"unknown","sourceComponent":"unknown","sourceLine":0}
  AFTER:  {"sourceFile":"/src/platform/ui/registry/features/onboarding.ts","sourceComponent":"ONBOARDING","sourceLine":1425}
[2026-06-20T01:09:00.503Z] [COMPONENT_MOVED] Component moved for UI_ONBOARDING_MARKETING_TITLE (604717cc-1629-5759-b399-ab82e4d2d31f): unknown@unknown:0 -> ONBOARDING@/src/platform/ui/registry/features/onboarding.ts:1438
  BEFORE: {"sourceFile":"unknown","sourceComponent":"unknown","sourceLine":0}
  AFTER:  {"sourceFile":"/src/platform/ui/registry/features/onboarding.ts","sourceComponent":"ONBOARDING","sourceLine":1438}
[2026-06-20T01:09:00.503Z] [COMPONENT_MOVED] Component moved for UI_ONBOARDING_MARKETING_DESCRIPTION (e57bc81c-0232-5079-a573-68dea687cd7b): unknown@unknown:0 -> ONBOARDING@/src/platform/ui/registry/features/onboarding.ts:1449
  BEFORE: {"sourceFile":"unknown","sourceComponent":"unknown","sourceLine":0}
  AFTER:  {"sourceFile":"/src/platform/ui/registry/features/onboarding.ts","sourceComponent":"ONBOARDING","sourceLine":1449}
[2026-06-20T01:09:00.503Z] [COMPONENT_MOVED] Component moved for UI_ONBOARDING_MARKETING_EMAIL_MARKETING (0a1a52d9-a82a-5b48-be18-f7430de74522): unknown@unknown:0 -> ONBOARDING@/src/platform/ui/registry/features/onboarding.ts:1460
  BEFORE: {"sourceFile":"unknown","sourceComponent":"unknown","sourceLine":0}
  AFTER:  {"sourceFile":"/src/platform/ui/registry/features/onboarding.ts","sourceComponent":"ONBOARDING","sourceLine":1460}
[2026-06-20T01:09:00.503Z] [COMPONENT_MOVED] Component moved for UI_ONBOARDING_MARKETING_EMAIL_MARKETING_SUBTITLE (e8c63c66-4a75-5229-8767-da20cd04be0b): unknown@unknown:0 -> ONBOARDING@/src/platform/ui/registry/features/onboarding.ts:1471
  BEFORE: {"sourceFile":"unknown","sourceComponent":"unknown","sourceLine":0}
  AFTER:  {"sourceFile":"/src/platform/ui/registry/features/onboarding.ts","sourceComponent":"ONBOARDING","sourceLine":1471}
[2026-06-20T01:09:00.503Z] [COMPONENT_MOVED] Component moved for UI_ONBOARDING_MARKETING_SOCIAL_SHARING (caaeb4f2-cd02-5509-81cb-0af4789089db): unknown@unknown:0 -> ONBOARDING@/src/platform/ui/registry/features/onboarding.ts:1482
  BEFORE: {"sourceFile":"unknown","sourceComponent":"unknown","sourceLine":0}
  AFTER:  {"sourceFile":"/src/platform/ui/registry/features/onboarding.ts","sourceComponent":"ONBOARDING","sourceLine":1482}
[2026-06-20T01:09:00.503Z] [COMPONENT_MOVED] Component moved for UI_ONBOARDING_MARKETING_SOCIAL_SHARING_SUBTITLE (fc56149b-9ec7-5796-8a31-337de8b71478): unknown@unknown:0 -> ONBOARDING@/src/platform/ui/registry/features/onboarding.ts:1493
  BEFORE: {"sourceFile":"unknown","sourceComponent":"unknown","sourceLine":0}
  AFTER:  {"sourceFile":"/src/platform/ui/registry/features/onboarding.ts","sourceComponent":"ONBOARDING","sourceLine":1493}
[2026-06-20T01:09:00.503Z] [COMPONENT_MOVED] Component moved for UI_ONBOARDING_MARKETING_PRODUCT_REVIEWS (821e92bb-2a4c-5a22-a8ef-626903899510): unknown@unknown:0 -> ONBOARDING@/src/platform/ui/registry/features/onboarding.ts:1504
  BEFORE: {"sourceFile":"unknown","sourceComponent":"unknown","sourceLine":0}
  AFTER:  {"sourceFile":"/src/platform/ui/registry/features/onboarding.ts","sourceComponent":"ONBOARDING","sourceLine":1504}
[2026-06-20T01:09:00.503Z] [COMPONENT_MOVED] Component moved for UI_ONBOARDING_MARKETING_PRODUCT_REVIEWS_SUBTITLE (ae034398-6540-5d0b-8298-68b66e6de7b1): unknown@unknown:0 -> ONBOARDING@/src/platform/ui/registry/features/onboarding.ts:1515
  BEFORE: {"sourceFile":"unknown","sourceComponent":"unknown","sourceLine":0}
  AFTER:  {"sourceFile":"/src/platform/ui/registry/features/onboarding.ts","sourceComponent":"ONBOARDING","sourceLine":1515}
[2026-06-20T01:09:00.503Z] [COMPONENT_MOVED] Component moved for UI_ONBOARDING_COMPLETION_TITLE (10c544d0-9831-54db-beec-04d261f54f75): unknown@unknown:0 -> ONBOARDING@/src/platform/ui/registry/features/onboarding.ts:1528
  BEFORE: {"sourceFile":"unknown","sourceComponent":"unknown","sourceLine":0}
  AFTER:  {"sourceFile":"/src/platform/ui/registry/features/onboarding.ts","sourceComponent":"ONBOARDING","sourceLine":1528}
[2026-06-20T01:09:00.503Z] [COMPONENT_MOVED] Component moved for UI_ONBOARDING_COMPLETION_DESCRIPTION (b72588b8-4cd7-5dbf-85b8-4aee7f829acd): unknown@unknown:0 -> ONBOARDING@/src/platform/ui/registry/features/onboarding.ts:1539
  BEFORE: {"sourceFile":"unknown","sourceComponent":"unknown","sourceLine":0}
  AFTER:  {"sourceFile":"/src/platform/ui/registry/features/onboarding.ts","sourceComponent":"ONBOARDING","sourceLine":1539}
[2026-06-20T01:09:00.503Z] [COMPONENT_MOVED] Component moved for UI_ONBOARDING_COMPLETION_GO_TO_DASHBOARD (97fc3063-cc4a-5d74-8ddc-c8b11dacbee2): unknown@unknown:0 -> ONBOARDING@/src/platform/ui/registry/features/onboarding.ts:1550
  BEFORE: {"sourceFile":"unknown","sourceComponent":"unknown","sourceLine":0}
  AFTER:  {"sourceFile":"/src/platform/ui/registry/features/onboarding.ts","sourceComponent":"ONBOARDING","sourceLine":1550}
[2026-06-20T01:09:00.503Z] [COMPONENT_MOVED] Component moved for UI_ONBOARDING_COMMON_PREVIOUS (e0096b9a-4952-560f-80c2-6f00158fd2a5): unknown@unknown:0 -> ONBOARDING@/src/platform/ui/registry/features/onboarding.ts:1563
  BEFORE: {"sourceFile":"unknown","sourceComponent":"unknown","sourceLine":0}
  AFTER:  {"sourceFile":"/src/platform/ui/registry/features/onboarding.ts","sourceComponent":"ONBOARDING","sourceLine":1563}
[2026-06-20T01:09:00.503Z] [COMPONENT_MOVED] Component moved for UI_ONBOARDING_COMMON_NEXT (a5db3656-1b5c-5617-9277-a8c07a360e51): unknown@unknown:0 -> ONBOARDING@/src/platform/ui/registry/features/onboarding.ts:1574
  BEFORE: {"sourceFile":"unknown","sourceComponent":"unknown","sourceLine":0}
  AFTER:  {"sourceFile":"/src/platform/ui/registry/features/onboarding.ts","sourceComponent":"ONBOARDING","sourceLine":1574}
[2026-06-20T01:09:00.503Z] [COMPONENT_MOVED] Component moved for UI_ONBOARDING_COMMON_FINISH (31a0a970-51b0-5c05-84d1-09ca4da68e4f): unknown@unknown:0 -> ONBOARDING@/src/platform/ui/registry/features/onboarding.ts:1585
  BEFORE: {"sourceFile":"unknown","sourceComponent":"unknown","sourceLine":0}
  AFTER:  {"sourceFile":"/src/platform/ui/registry/features/onboarding.ts","sourceComponent":"ONBOARDING","sourceLine":1585}
